15:55:36 **** Build of configuration Debug for project CVIK1 ****
make -j4 all 
arm-none-eabi-gcc "../Drivers/STM32F0xx_HAL_Driver/Src/stm32f0xx_hal.c" -mcpu=cortex-m0 -std=gnu11 -g3 -DDEBUG -DUSE_HAL_DRIVER -DSTM32F030x8 -c -I../Core/Inc -I../Drivers/STM32F0xx_HAL_Driver/Inc -I../Drivers/STM32F0xx_HAL_Driver/Inc/Legacy -I../Drivers/CMSIS/Device/ST/STM32F0xx/Include -I../Drivers/CMSIS/Include -O0 -ffunction-sections -fdata-sections -Wall -fstack-usage -fcyclomatic-complexity -MMD -MP -MF"Drivers/STM32F0xx_HAL_Driver/Src/stm32f0xx_hal.d" -MT"Drivers/STM32F0xx_HAL_Driver/Src/stm32f0xx_hal.o" --specs=nano.specs -mfloat-abi=soft -mthumb -o "Drivers/STM32F0xx_HAL_Driver/Src/stm32f0xx_hal.o"
arm-none-eabi-gcc "../Drivers/STM32F0xx_HAL_Driver/Src/stm32f0xx_hal_cortex.c" -mcpu=cortex-m0 -std=gnu11 -g3 -DDEBUG -DUSE_HAL_DRIVER -DSTM32F030x8 -c -I../Core/Inc -I../Drivers/STM32F0xx_HAL_Driver/Inc -I../Drivers/STM32F0xx_HAL_Driver/Inc/Legacy -I../Drivers/CMSIS/Device/ST/STM32F0xx/Include -I../Drivers/CMSIS/Include -O0 -ffunction-sections -fdata-sections -Wall -fstack-usage -fcyclomatic-complexity -MMD -MP -MF"Drivers/STM32F0xx_HAL_Driver/Src/stm32f0xx_hal_cortex.d" -MT"Drivers/STM32F0xx_HAL_Driver/Src/stm32f0xx_hal_cortex.o" --specs=nano.specs -mfloat-abi=soft -mthumb -o "Drivers/STM32F0xx_HAL_Driver/Src/stm32f0xx_hal_cortex.o"
arm-none-eabi-gcc "../Drivers/STM32F0xx_HAL_Driver/Src/stm32f0xx_hal_dma.c" -mcpu=cortex-m0 -std=gnu11 -g3 -DDEBUG -DUSE_HAL_DRIVER -DSTM32F030x8 -c -I../Core/Inc -I../Drivers/STM32F0xx_HAL_Driver/Inc -I../Drivers/STM32F0xx_HAL_Driver/Inc/Legacy -I../Drivers/CMSIS/Device/ST/STM32F0xx/Include -I../Drivers/CMSIS/Include -O0 -ffunction-sections -fdata-sections -Wall -fstack-usage -fcyclomatic-complexity -MMD -MP -MF"Drivers/STM32F0xx_HAL_Driver/Src/stm32f0xx_hal_dma.d" -MT"Drivers/STM32F0xx_HAL_Driver/Src/stm32f0xx_hal_dma.o" --specs=nano.specs -mfloat-abi=soft -mthumb -o "Drivers/STM32F0xx_HAL_Driver/Src/stm32f0xx_hal_dma.o"
arm-none-eabi-gcc "../Drivers/STM32F0xx_HAL_Driver/Src/stm32f0xx_hal_exti.c" -mcpu=cortex-m0 -std=gnu11 -g3 -DDEBUG -DUSE_HAL_DRIVER -DSTM32F030x8 -c -I../Core/Inc -I../Drivers/STM32F0xx_HAL_Driver/Inc -I../Drivers/STM32F0xx_HAL_Driver/Inc/Legacy -I../Drivers/CMSIS/Device/ST/STM32F0xx/Include -I../Drivers/CMSIS/Include -O0 -ffunction-sections -fdata-sections -Wall -fstack-usage -fcyclomatic-complexity -MMD -MP -MF"Drivers/STM32F0xx_HAL_Driver/Src/stm32f0xx_hal_exti.d" -MT"Drivers/STM32F0xx_HAL_Driver/Src/stm32f0xx_hal_exti.o" --specs=nano.specs -mfloat-abi=soft -mthumb -o "Drivers/STM32F0xx_HAL_Driver/Src/stm32f0xx_hal_exti.o"
arm-none-eabi-gcc "../Drivers/STM32F0xx_HAL_Driver/Src/stm32f0xx_hal_flash.c" -mcpu=cortex-m0 -std=gnu11 -g3 -DDEBUG -DUSE_HAL_DRIVER -DSTM32F030x8 -c -I../Core/Inc -I../Drivers/STM32F0xx_HAL_Driver/Inc -I../Drivers/STM32F0xx_HAL_Driver/Inc/Legacy -I../Drivers/CMSIS/Device/ST/STM32F0xx/Include -I../Drivers/CMSIS/Include -O0 -ffunction-sections -fdata-sections -Wall -fstack-usage -fcyclomatic-complexity -MMD -MP -MF"Drivers/STM32F0xx_HAL_Driver/Src/stm32f0xx_hal_flash.d" -MT"Drivers/STM32F0xx_HAL_Driver/Src/stm32f0xx_hal_flash.o" --specs=nano.specs -mfloat-abi=soft -mthumb -o "Drivers/STM32F0xx_HAL_Driver/Src/stm32f0xx_hal_flash.o"
arm-none-eabi-gcc "../Drivers/STM32F0xx_HAL_Driver/Src/stm32f0xx_hal_flash_ex.c" -mcpu=cortex-m0 -std=gnu11 -g3 -DDEBUG -DUSE_HAL_DRIVER -DSTM32F030x8 -c -I../Core/Inc -I../Drivers/STM32F0xx_HAL_Driver/Inc -I../Drivers/STM32F0xx_HAL_Driver/Inc/Legacy -I../Drivers/CMSIS/Device/ST/STM32F0xx/Include -I../Drivers/CMSIS/Include -O0 -ffunction-sections -fdata-sections -Wall -fstack-usage -fcyclomatic-complexity -MMD -MP -MF"Drivers/STM32F0xx_HAL_Driver/Src/stm32f0xx_hal_flash_ex.d" -MT"Drivers/STM32F0xx_HAL_Driver/Src/stm32f0xx_hal_flash_ex.o" --specs=nano.specs -mfloat-abi=soft -mthumb -o "Drivers/STM32F0xx_HAL_Driver/Src/stm32f0xx_hal_flash_ex.o"
arm-none-eabi-gcc "../Drivers/STM32F0xx_HAL_Driver/Src/stm32f0xx_hal_gpio.c" -mcpu=cortex-m0 -std=gnu11 -g3 -DDEBUG -DUSE_HAL_DRIVER -DSTM32F030x8 -c -I../Core/Inc -I../Drivers/STM32F0xx_HAL_Driver/Inc -I../Drivers/STM32F0xx_HAL_Driver/Inc/Legacy -I../Drivers/CMSIS/Device/ST/STM32F0xx/Include -I../Drivers/CMSIS/Include -O0 -ffunction-sections -fdata-sections -Wall -fstack-usage -fcyclomatic-complexity -MMD -MP -MF"Drivers/STM32F0xx_HAL_Driver/Src/stm32f0xx_hal_gpio.d" -MT"Drivers/STM32F0xx_HAL_Driver/Src/stm32f0xx_hal_gpio.o" --specs=nano.specs -mfloat-abi=soft -mthumb -o "Drivers/STM32F0xx_HAL_Driver/Src/stm32f0xx_hal_gpio.o"
arm-none-eabi-gcc "../Drivers/STM32F0xx_HAL_Driver/Src/stm32f0xx_hal_i2c.c" -mcpu=cortex-m0 -std=gnu11 -g3 -DDEBUG -DUSE_HAL_DRIVER -DSTM32F030x8 -c -I../Core/Inc -I../Drivers/STM32F0xx_HAL_Driver/Inc -I../Drivers/STM32F0xx_HAL_Driver/Inc/Legacy -I../Drivers/CMSIS/Device/ST/STM32F0xx/Include -I../Drivers/CMSIS/Include -O0 -ffunction-sections -fdata-sections -Wall -fstack-usage -fcyclomatic-complexity -MMD -MP -MF"Drivers/STM32F0xx_HAL_Driver/Src/stm32f0xx_hal_i2c.d" -MT"Drivers/STM32F0xx_HAL_Driver/Src/stm32f0xx_hal_i2c.o" --specs=nano.specs -mfloat-abi=soft -mthumb -o "Drivers/STM32F0xx_HAL_Driver/Src/stm32f0xx_hal_i2c.o"
arm-none-eabi-gcc "../Drivers/STM32F0xx_HAL_Driver/Src/stm32f0xx_hal_i2c_ex.c" -mcpu=cortex-m0 -std=gnu11 -g3 -DDEBUG -DUSE_HAL_DRIVER -DSTM32F030x8 -c -I../Core/Inc -I../Drivers/STM32F0xx_HAL_Driver/Inc -I../Drivers/STM32F0xx_HAL_Driver/Inc/Legacy -I../Drivers/CMSIS/Device/ST/STM32F0xx/Include -I../Drivers/CMSIS/Include -O0 -ffunction-sections -fdata-sections -Wall -fstack-usage -fcyclomatic-complexity -MMD -MP -MF"Drivers/STM32F0xx_HAL_Driver/Src/stm32f0xx_hal_i2c_ex.d" -MT"Drivers/STM32F0xx_HAL_Driver/Src/stm32f0xx_hal_i2c_ex.o" --specs=nano.specs -mfloat-abi=soft -mthumb -o "Drivers/STM32F0xx_HAL_Driver/Src/stm32f0xx_hal_i2c_ex.o"
arm-none-eabi-gcc "../Drivers/STM32F0xx_HAL_Driver/Src/stm32f0xx_hal_pwr.c" -mcpu=cortex-m0 -std=gnu11 -g3 -DDEBUG -DUSE_HAL_DRIVER -DSTM32F030x8 -c -I../Core/Inc -I../Drivers/STM32F0xx_HAL_Driver/Inc -I../Drivers/STM32F0xx_HAL_Driver/Inc/Legacy -I../Drivers/CMSIS/Device/ST/STM32F0xx/Include -I../Drivers/CMSIS/Include -O0 -ffunction-sections -fdata-sections -Wall -fstack-usage -fcyclomatic-complexity -MMD -MP -MF"Drivers/STM32F0xx_HAL_Driver/Src/stm32f0xx_hal_pwr.d" -MT"Drivers/STM32F0xx_HAL_Driver/Src/stm32f0xx_hal_pwr.o" --specs=nano.specs -mfloat-abi=soft -mthumb -o "Drivers/STM32F0xx_HAL_Driver/Src/stm32f0xx_hal_pwr.o"
arm-none-eabi-gcc "../Drivers/STM32F0xx_HAL_Driver/Src/stm32f0xx_hal_pwr_ex.c" -mcpu=cortex-m0 -std=gnu11 -g3 -DDEBUG -DUSE_HAL_DRIVER -DSTM32F030x8 -c -I../Core/Inc -I../Drivers/STM32F0xx_HAL_Driver/Inc -I../Drivers/STM32F0xx_HAL_Driver/Inc/Legacy -I../Drivers/CMSIS/Device/ST/STM32F0xx/Include -I../Drivers/CMSIS/Include -O0 -ffunction-sections -fdata-sections -Wall -fstack-usage -fcyclomatic-complexity -MMD -MP -MF"Drivers/STM32F0xx_HAL_Driver/Src/stm32f0xx_hal_pwr_ex.d" -MT"Drivers/STM32F0xx_HAL_Driver/Src/stm32f0xx_hal_pwr_ex.o" --specs=nano.specs -mfloat-abi=soft -mthumb -o "Drivers/STM32F0xx_HAL_Driver/Src/stm32f0xx_hal_pwr_ex.o"
arm-none-eabi-gcc "../Drivers/STM32F0xx_HAL_Driver/Src/stm32f0xx_hal_rcc.c" -mcpu=cortex-m0 -std=gnu11 -g3 -DDEBUG -DUSE_HAL_DRIVER -DSTM32F030x8 -c -I../Core/Inc -I../Drivers/STM32F0xx_HAL_Driver/Inc -I../Drivers/STM32F0xx_HAL_Driver/Inc/Legacy -I../Drivers/CMSIS/Device/ST/STM32F0xx/Include -I../Drivers/CMSIS/Include -O0 -ffunction-sections -fdata-sections -Wall -fstack-usage -fcyclomatic-complexity -MMD -MP -MF"Drivers/STM32F0xx_HAL_Driver/Src/stm32f0xx_hal_rcc.d" -MT"Drivers/STM32F0xx_HAL_Driver/Src/stm32f0xx_hal_rcc.o" --specs=nano.specs -mfloat-abi=soft -mthumb -o "Drivers/STM32F0xx_HAL_Driver/Src/stm32f0xx_hal_rcc.o"
arm-none-eabi-gcc "../Drivers/STM32F0xx_HAL_Driver/Src/stm32f0xx_hal_rcc_ex.c" -mcpu=cortex-m0 -std=gnu11 -g3 -DDEBUG -DUSE_HAL_DRIVER -DSTM32F030x8 -c -I../Core/Inc -I../Drivers/STM32F0xx_HAL_Driver/Inc -I../Drivers/STM32F0xx_HAL_Driver/Inc/Legacy -I../Drivers/CMSIS/Device/ST/STM32F0xx/Include -I../Drivers/CMSIS/Include -O0 -ffunction-sections -fdata-sections -Wall -fstack-usage -fcyclomatic-complexity -MMD -MP -MF"Drivers/STM32F0xx_HAL_Driver/Src/stm32f0xx_hal_rcc_ex.d" -MT"Drivers/STM32F0xx_HAL_Driver/Src/stm32f0xx_hal_rcc_ex.o" --specs=nano.specs -mfloat-abi=soft -mthumb -o "Drivers/STM32F0xx_HAL_Driver/Src/stm32f0xx_hal_rcc_ex.o"
arm-none-eabi-gcc "../Drivers/STM32F0xx_HAL_Driver/Src/stm32f0xx_hal_tim.c" -mcpu=cortex-m0 -std=gnu11 -g3 -DDEBUG -DUSE_HAL_DRIVER -DSTM32F030x8 -c -I../Core/Inc -I../Drivers/STM32F0xx_HAL_Driver/Inc -I../Drivers/STM32F0xx_HAL_Driver/Inc/Legacy -I../Drivers/CMSIS/Device/ST/STM32F0xx/Include -I../Drivers/CMSIS/Include -O0 -ffunction-sections -fdata-sections -Wall -fstack-usage -fcyclomatic-complexity -MMD -MP -MF"Drivers/STM32F0xx_HAL_Driver/Src/stm32f0xx_hal_tim.d" -MT"Drivers/STM32F0xx_HAL_Driver/Src/stm32f0xx_hal_tim.o" --specs=nano.specs -mfloat-abi=soft -mthumb -o "Drivers/STM32F0xx_HAL_Driver/Src/stm32f0xx_hal_tim.o"
arm-none-eabi-gcc "../Drivers/STM32F0xx_HAL_Driver/Src/stm32f0xx_hal_tim_ex.c" -mcpu=cortex-m0 -std=gnu11 -g3 -DDEBUG -DUSE_HAL_DRIVER -DSTM32F030x8 -c -I../Core/Inc -I../Drivers/STM32F0xx_HAL_Driver/Inc -I../Drivers/STM32F0xx_HAL_Driver/Inc/Legacy -I../Drivers/CMSIS/Device/ST/STM32F0xx/Include -I../Drivers/CMSIS/Include -O0 -ffunction-sections -fdata-sections -Wall -fstack-usage -fcyclomatic-complexity -MMD -MP -MF"Drivers/STM32F0xx_HAL_Driver/Src/stm32f0xx_hal_tim_ex.d" -MT"Drivers/STM32F0xx_HAL_Driver/Src/stm32f0xx_hal_tim_ex.o" --specs=nano.specs -mfloat-abi=soft -mthumb -o "Drivers/STM32F0xx_HAL_Driver/Src/stm32f0xx_hal_tim_ex.o"
arm-none-eabi-gcc "../Drivers/STM32F0xx_HAL_Driver/Src/stm32f0xx_hal_uart.c" -mcpu=cortex-m0 -std=gnu11 -g3 -DDEBUG -DUSE_HAL_DRIVER -DSTM32F030x8 -c -I../Core/Inc -I../Drivers/STM32F0xx_HAL_Driver/Inc -I../Drivers/STM32F0xx_HAL_Driver/Inc/Legacy -I../Drivers/CMSIS/Device/ST/STM32F0xx/Include -I../Drivers/CMSIS/Include -O0 -ffunction-sections -fdata-sections -Wall -fstack-usage -fcyclomatic-complexity -MMD -MP -MF"Drivers/STM32F0xx_HAL_Driver/Src/stm32f0xx_hal_uart.d" -MT"Drivers/STM32F0xx_HAL_Driver/Src/stm32f0xx_hal_uart.o" --specs=nano.specs -mfloat-abi=soft -mthumb -o "Drivers/STM32F0xx_HAL_Driver/Src/stm32f0xx_hal_uart.o"
arm-none-eabi-gcc "../Drivers/STM32F0xx_HAL_Driver/Src/stm32f0xx_hal_uart_ex.c" -mcpu=cortex-m0 -std=gnu11 -g3 -DDEBUG -DUSE_HAL_DRIVER -DSTM32F030x8 -c -I../Core/Inc -I../Drivers/STM32F0xx_HAL_Driver/Inc -I../Drivers/STM32F0xx_HAL_Driver/Inc/Legacy -I../Drivers/CMSIS/Device/ST/STM32F0xx/Include -I../Drivers/CMSIS/Include -O0 -ffunction-sections -fdata-sections -Wall -fstack-usage -fcyclomatic-complexity -MMD -MP -MF"Drivers/STM32F0xx_HAL_Driver/Src/stm32f0xx_hal_uart_ex.d" -MT"Drivers/STM32F0xx_HAL_Driver/Src/stm32f0xx_hal_uart_ex.o" --specs=nano.specs -mfloat-abi=soft -mthumb -o "Drivers/STM32F0xx_HAL_Driver/Src/stm32f0xx_hal_uart_ex.o"
arm-none-eabi-gcc -mcpu=cortex-m0 -g3 -DDEBUG -c -x assembler-with-cpp -MMD -MP -MF"Core/Startup/startup_stm32f030r8tx.d" -MT"Core/Startup/startup_stm32f030r8tx.o" --specs=nano.specs -mfloat-abi=soft -mthumb -o "Core/Startup/startup_stm32f030r8tx.o" "../Core/Startup/startup_stm32f030r8tx.s"
arm-none-eabi-gcc "../Core/Src/main.c" -mcpu=cortex-m0 -std=gnu11 -g3 -DDEBUG -DUSE_HAL_DRIVER -DSTM32F030x8 -c -I../Core/Inc -I../Drivers/STM32F0xx_HAL_Driver/Inc -I../Drivers/STM32F0xx_HAL_Driver/Inc/Legacy -I../Drivers/CMSIS/Device/ST/STM32F0xx/Include -I../Drivers/CMSIS/Include -O0 -ffunction-sections -fdata-sections -Wall -fstack-usage -fcyclomatic-complexity -MMD -MP -MF"Core/Src/main.d" -MT"Core/Src/main.o" --specs=nano.specs -mfloat-abi=soft -mthumb -o "Core/Src/main.o"
arm-none-eabi-gcc "../Core/Src/stm32f0xx_hal_msp.c" -mcpu=cortex-m0 -std=gnu11 -g3 -DDEBUG -DUSE_HAL_DRIVER -DSTM32F030x8 -c -I../Core/Inc -I../Drivers/STM32F0xx_HAL_Driver/Inc -I../Drivers/STM32F0xx_HAL_Driver/Inc/Legacy -I../Drivers/CMSIS/Device/ST/STM32F0xx/Include -I../Drivers/CMSIS/Include -O0 -ffunction-sections -fdata-sections -Wall -fstack-usage -fcyclomatic-complexity -MMD -MP -MF"Core/Src/stm32f0xx_hal_msp.d" -MT"Core/Src/stm32f0xx_hal_msp.o" --specs=nano.specs -mfloat-abi=soft -mthumb -o "Core/Src/stm32f0xx_hal_msp.o"
arm-none-eabi-gcc "../Core/Src/stm32f0xx_it.c" -mcpu=cortex-m0 -std=gnu11 -g3 -DDEBUG -DUSE_HAL_DRIVER -DSTM32F030x8 -c -I../Core/Inc -I../Drivers/STM32F0xx_HAL_Driver/Inc -I../Drivers/STM32F0xx_HAL_Driver/Inc/Legacy -I../Drivers/CMSIS/Device/ST/STM32F0xx/Include -I../Drivers/CMSIS/Include -O0 -ffunction-sections -fdata-sections -Wall -fstack-usage -fcyclomatic-complexity -MMD -MP -MF"Core/Src/stm32f0xx_it.d" -MT"Core/Src/stm32f0xx_it.o" --specs=nano.specs -mfloat-abi=soft -mthumb -o "Core/Src/stm32f0xx_it.o"
arm-none-eabi-gcc "../Core/Src/syscalls.c" -mcpu=cortex-m0 -std=gnu11 -g3 -DDEBUG -DUSE_HAL_DRIVER -DSTM32F030x8 -c -I../Core/Inc -I../Drivers/STM32F0xx_HAL_Driver/Inc -I../Drivers/STM32F0xx_HAL_Driver/Inc/Legacy -I../Drivers/CMSIS/Device/ST/STM32F0xx/Include -I../Drivers/CMSIS/Include -O0 -ffunction-sections -fdata-sections -Wall -fstack-usage -fcyclomatic-complexity -MMD -MP -MF"Core/Src/syscalls.d" -MT"Core/Src/syscalls.o" --specs=nano.specs -mfloat-abi=soft -mthumb -o "Core/Src/syscalls.o"
arm-none-eabi-gcc "../Core/Src/sysmem.c" -mcpu=cortex-m0 -std=gnu11 -g3 -DDEBUG -DUSE_HAL_DRIVER -DSTM32F030x8 -c -I../Core/Inc -I../Drivers/STM32F0xx_HAL_Driver/Inc -I../Drivers/STM32F0xx_HAL_Driver/Inc/Legacy -I../Drivers/CMSIS/Device/ST/STM32F0xx/Include -I../Drivers/CMSIS/Include -O0 -ffunction-sections -fdata-sections -Wall -fstack-usage -fcyclomatic-complexity -MMD -MP -MF"Core/Src/sysmem.d" -MT"Core/Src/sysmem.o" --specs=nano.specs -mfloat-abi=soft -mthumb -o "Core/Src/sysmem.o"
arm-none-eabi-gcc "../Core/Src/system_stm32f0xx.c" -mcpu=cortex-m0 -std=gnu11 -g3 -DDEBUG -DUSE_HAL_DRIVER -DSTM32F030x8 -c -I../Core/Inc -I../Drivers/STM32F0xx_HAL_Driver/Inc -I../Drivers/STM32F0xx_HAL_Driver/Inc/Legacy -I../Drivers/CMSIS/Device/ST/STM32F0xx/Include -I../Drivers/CMSIS/Include -O0 -ffunction-sections -fdata-sections -Wall -fstack-usage -fcyclomatic-complexity -MMD -MP -MF"Core/Src/system_stm32f0xx.d" -MT"Core/Src/system_stm32f0xx.o" --specs=nano.specs -mfloat-abi=soft -mthumb -o "Core/Src/system_stm32f0xx.o"
arm-none-eabi-gcc -o "CVIK1.elf" @"objects.list"   -mcpu=cortex-m0 -T"C:\Temp\somsak\MKS\MKS\CVIK1\STM32F030R8TX_FLASH.ld" --specs=nosys.specs -Wl,-Map="CVIK1.map" -Wl,--gc-sections -static --specs=nano.specs -mfloat-abi=soft -mthumb -Wl,--start-group -lc -lm -Wl,--end-group
Finished building target: CVIK1.elf
 
arm-none-eabi-size   CVIK1.elf 
arm-none-eabi-objdump -h -S  CVIK1.elf  > "CVIK1.list"
   text	   data	    bss	    dec	    hex	filename
    676	     16	   1568	   2260	    8d4	CVIK1.elf
Finished building: default.size.stdout
 
Finished building: CVIK1.list
 
15:55:49 **** Incremental Build of configuration Debug for project CVIK1 ****
make -j4 all 
arm-none-eabi-size   CVIK1.elf 
   text	   data	    bss	    dec	    hex	filename
    676	     16	   1568	   2260	    8d4	CVIK1.elf
Finished building: default.size.stdout
 
15:57:37 **** Incremental Build of configuration Debug for project CVIK1 ****
make -j4 all 
arm-none-eabi-size   CVIK1.elf 
   text	   data	    bss	    dec	    hex	filename
    676	     16	   1568	   2260	    8d4	CVIK1.elf
Finished building: default.size.stdout
 
15:58:43 **** Incremental Build of configuration Debug for project CVIK1 ****
make -j4 all 
arm-none-eabi-gcc -mcpu=cortex-m0 -g3 -DDEBUG -c -x assembler-with-cpp -MMD -MP -MF"Core/Startup/startup_stm32f030r8tx.d" -MT"Core/Startup/startup_stm32f030r8tx.o" --specs=nano.specs -mfloat-abi=soft -mthumb -o "Core/Startup/startup_stm32f030r8tx.o" "../Core/Startup/startup_stm32f030r8tx.s"
arm-none-eabi-gcc -o "CVIK1.elf" @"objects.list"   -mcpu=cortex-m0 -T"C:\Temp\somsak\MKS\MKS\CVIK1\STM32F030R8TX_FLASH.ld" --specs=nosys.specs -Wl,-Map="CVIK1.map" -Wl,--gc-sections -static --specs=nano.specs -mfloat-abi=soft -mthumb -Wl,--start-group -lc -lm -Wl,--end-group
Finished building target: CVIK1.elf
 
arm-none-eabi-size   CVIK1.elf 
arm-none-eabi-objdump -h -S  CVIK1.elf  > "CVIK1.list"
   text	   data	    bss	    dec	    hex	filename
    676	     16	   1568	   2260	    8d4	CVIK1.elf
Finished building: default.size.stdout
 
Finished building: CVIK1.list
 
16:05:23 **** Incremental Build of configuration Debug for project CVIK1 ****
make -j4 all 
arm-none-eabi-gcc "../Core/Src/main.c" -mcpu=cortex-m0 -std=gnu11 -g3 -DDEBUG -DUSE_HAL_DRIVER -DSTM32F030x8 -c -I../Core/Inc -I../Drivers/STM32F0xx_HAL_Driver/Inc -I../Drivers/STM32F0xx_HAL_Driver/Inc/Legacy -I../Drivers/CMSIS/Device/ST/STM32F0xx/Include -I../Drivers/CMSIS/Include -O0 -ffunction-sections -fdata-sections -Wall -fstack-usage -fcyclomatic-complexity -MMD -MP -MF"Core/Src/main.d" -MT"Core/Src/main.o" --specs=nano.specs -mfloat-abi=soft -mthumb -o "Core/Src/main.o"
In file included from ../Drivers/CMSIS/Device/ST/STM32F0xx/Include/stm32f0xx.h:129,
                 from ../Drivers/STM32F0xx_HAL_Driver/Inc/stm32f0xx_hal_def.h:30,
                 from ../Drivers/STM32F0xx_HAL_Driver/Inc/stm32f0xx_hal_rcc.h:29,
                 from ../Core/Inc/stm32f0xx_hal_conf.h:193,
                 from ../Drivers/STM32F0xx_HAL_Driver/Inc/stm32f0xx_hal.h:30,
                 from ../Core/Inc/main.h:30,
                 from ../Core/Src/main.c:20:
../Drivers/CMSIS/Device/ST/STM32F0xx/Include/stm32f030x8.h:531:29: error: expected declaration specifiers or '...' before '(' token
  531 | #define GPIOA               ((GPIO_TypeDef *) GPIOA_BASE)
      |                             ^
../Core/Inc/main.h:67:23: note: in expansion of macro 'GPIOA'
   67 | #define LD2_GPIO_Port GPIOA
      |                       ^~~~~
../Core/Src/main.c:26:22: note: in expansion of macro 'LD2_GPIO_Port'
   26 | LL_GPIO_SetOutputPin(LD2_GPIO_Port, LD2_Pin);
      |                      ^~~~~~~~~~~~~
In file included from ../Core/Inc/stm32f0xx_hal_conf.h:197,
                 from ../Drivers/STM32F0xx_HAL_Driver/Inc/stm32f0xx_hal.h:30,
                 from ../Core/Inc/main.h:30,
                 from ../Core/Src/main.c:20:
../Drivers/STM32F0xx_HAL_Driver/Inc/stm32f0xx_hal_gpio.h:89:36: error: expected declaration specifiers or '...' before '(' token
   89 | #define GPIO_PIN_5                 ((uint16_t)0x0020U)  /* Pin 5 selected    */
      |                                    ^
../Core/Inc/main.h:66:17: note: in expansion of macro 'GPIO_PIN_5'
   66 | #define LD2_Pin GPIO_PIN_5
      |                 ^~~~~~~~~~
../Core/Src/main.c:26:37: note: in expansion of macro 'LD2_Pin'
   26 | LL_GPIO_SetOutputPin(LD2_GPIO_Port, LD2_Pin);
      |                                     ^~~~~~~
../Core/Src/main.c:27:11: error: expected declaration specifiers or '...' before numeric constant
   27 | LL_delay (200);
      |           ^~~
In file included from ../Drivers/CMSIS/Device/ST/STM32F0xx/Include/stm32f0xx.h:129,
                 from ../Drivers/STM32F0xx_HAL_Driver/Inc/stm32f0xx_hal_def.h:30,
                 from ../Drivers/STM32F0xx_HAL_Driver/Inc/stm32f0xx_hal_rcc.h:29,
                 from ../Core/Inc/stm32f0xx_hal_conf.h:193,
                 from ../Drivers/STM32F0xx_HAL_Driver/Inc/stm32f0xx_hal.h:30,
                 from ../Core/Inc/main.h:30,
                 from ../Core/Src/main.c:20:
../Drivers/CMSIS/Device/ST/STM32F0xx/Include/stm32f030x8.h:531:29: error: expected declaration specifiers or '...' before '(' token
  531 | #define GPIOA               ((GPIO_TypeDef *) GPIOA_BASE)
      |                             ^
../Core/Inc/main.h:67:23: note: in expansion of macro 'GPIOA'
   67 | #define LD2_GPIO_Port GPIOA
      |                       ^~~~~
../Core/Src/main.c:28:24: note: in expansion of macro 'LD2_GPIO_Port'
   28 | LL_GPIO_ResetOutputPin(LD2_GPIO_Port, LD2_Pin);
      |                        ^~~~~~~~~~~~~
In file included from ../Core/Inc/stm32f0xx_hal_conf.h:197,
                 from ../Drivers/STM32F0xx_HAL_Driver/Inc/stm32f0xx_hal.h:30,
                 from ../Core/Inc/main.h:30,
                 from ../Core/Src/main.c:20:
../Drivers/STM32F0xx_HAL_Driver/Inc/stm32f0xx_hal_gpio.h:89:36: error: expected declaration specifiers or '...' before '(' token
   89 | #define GPIO_PIN_5                 ((uint16_t)0x0020U)  /* Pin 5 selected    */
      |                                    ^
../Core/Inc/main.h:66:17: note: in expansion of macro 'GPIO_PIN_5'
   66 | #define LD2_Pin GPIO_PIN_5
      |                 ^~~~~~~~~~
../Core/Src/main.c:28:39: note: in expansion of macro 'LD2_Pin'
   28 | LL_GPIO_ResetOutputPin(LD2_GPIO_Port, LD2_Pin);
      |                                       ^~~~~~~
../Core/Src/main.c:29:10: error: expected declaration specifiers or '...' before numeric constant
   29 | LL_delay(200)
      |          ^~~
../Core/Src/main.c: In function 'MX_USART2_UART_Init':
../Core/Src/main.c:164:3: error: 'huart2' undeclared (first use in this function)
  164 |   huart2.Instance = USART2;
      |   ^~~~~~
../Core/Src/main.c:164:3: note: each undeclared identifier is reported only once for each function it appears in
make: *** [Core/Src/subdir.mk:34: Core/Src/main.o] Error 1
"make -j4 all" terminated with exit code 2. Build might be incomplete.
16:06:10 **** Incremental Build of configuration Debug for project CVIK1 ****
make -j4 all 
arm-none-eabi-gcc "../Core/Src/main.c" -mcpu=cortex-m0 -std=gnu11 -g3 -DDEBUG -DUSE_HAL_DRIVER -DSTM32F030x8 -c -I../Core/Inc -I../Drivers/STM32F0xx_HAL_Driver/Inc -I../Drivers/STM32F0xx_HAL_Driver/Inc/Legacy -I../Drivers/CMSIS/Device/ST/STM32F0xx/Include -I../Drivers/CMSIS/Include -O0 -ffunction-sections -fdata-sections -Wall -fstack-usage -fcyclomatic-complexity -MMD -MP -MF"Core/Src/main.d" -MT"Core/Src/main.o" --specs=nano.specs -mfloat-abi=soft -mthumb -o "Core/Src/main.o"
../Core/Src/main.c: In function 'main':
../Core/Src/main.c:72:9: warning: implicit declaration of function 'LL_GPIO_SetOutputPin' [-Wimplicit-function-declaration]
   72 |         LL_GPIO_SetOutputPin(LD2_GPIO_Port, LD2_Pin);
      |         ^~~~~~~~~~~~~~~~~~~~
../Core/Src/main.c:73:9: warning: implicit declaration of function 'LL_delay'; did you mean 'HAL_Delay'? [-Wimplicit-function-declaration]
   73 |         LL_delay (200);
      |         ^~~~~~~~
      |         HAL_Delay
../Core/Src/main.c:74:9: warning: implicit declaration of function 'LL_GPIO_ResetOutputPin' [-Wimplicit-function-declaration]
   74 |         LL_GPIO_ResetOutputPin(LD2_GPIO_Port, LD2_Pin);
      |         ^~~~~~~~~~~~~~~~~~~~~~
../Core/Src/main.c:75:22: error: expected ';' before 'HAL_Init'
   75 |         LL_delay(200)
      |                      ^
      |                      ;
......
   83 |   HAL_Init();
      |   ~~~~~~~~            
make: *** [Core/Src/subdir.mk:34: Core/Src/main.o] Error 1
"make -j4 all" terminated with exit code 2. Build might be incomplete.
16:07:22 **** Incremental Build of configuration Debug for project CVIK1 ****
make -j4 all 
arm-none-eabi-gcc "../Core/Src/main.c" -mcpu=cortex-m0 -std=gnu11 -g3 -DDEBUG -DUSE_HAL_DRIVER -DSTM32F030x8 -c -I../Core/Inc -I../Drivers/STM32F0xx_HAL_Driver/Inc -I../Drivers/STM32F0xx_HAL_Driver/Inc/Legacy -I../Drivers/CMSIS/Device/ST/STM32F0xx/Include -I../Drivers/CMSIS/Include -O0 -ffunction-sections -fdata-sections -Wall -fstack-usage -fcyclomatic-complexity -MMD -MP -MF"Core/Src/main.d" -MT"Core/Src/main.o" --specs=nano.specs -mfloat-abi=soft -mthumb -o "Core/Src/main.o"
../Core/Src/main.c: In function 'main':
../Core/Src/main.c:72:9: warning: implicit declaration of function 'LL_GPIO_SetOutputPin' [-Wimplicit-function-declaration]
   72 |         LL_GPIO_SetOutputPin(LD2_GPIO_Port, LD2_Pin);
      |         ^~~~~~~~~~~~~~~~~~~~
../Core/Src/main.c:73:9: warning: implicit declaration of function 'LL_mDelay'; did you mean 'HAL_Delay'? [-Wimplicit-function-declaration]
   73 |         LL_mDelay (200);
      |         ^~~~~~~~~
      |         HAL_Delay
../Core/Src/main.c:74:9: warning: implicit declaration of function 'LL_GPIO_ResetOutputPin' [-Wimplicit-function-declaration]
   74 |         LL_GPIO_ResetOutputPin(LD2_GPIO_Port, LD2_Pin);
      |         ^~~~~~~~~~~~~~~~~~~~~~
../Core/Src/main.c:75:23: error: expected ';' before 'HAL_Init'
   75 |         LL_mDelay(200)
      |                       ^
      |                       ;
......
   83 |   HAL_Init();
      |   ~~~~~~~~             
make: *** [Core/Src/subdir.mk:34: Core/Src/main.o] Error 1
"make -j4 all" terminated with exit code 2. Build might be incomplete.
16:08:55 **** Incremental Build of configuration Debug for project CVIK1 ****
make -j4 all 
arm-none-eabi-gcc "../Core/Src/main.c" -mcpu=cortex-m0 -std=gnu11 -g3 -DDEBUG -DUSE_HAL_DRIVER -DSTM32F030x8 -c -I../Core/Inc -I../Drivers/STM32F0xx_HAL_Driver/Inc -I../Drivers/STM32F0xx_HAL_Driver/Inc/Legacy -I../Drivers/CMSIS/Device/ST/STM32F0xx/Include -I../Drivers/CMSIS/Include -O0 -ffunction-sections -fdata-sections -Wall -fstack-usage -fcyclomatic-complexity -MMD -MP -MF"Core/Src/main.d" -MT"Core/Src/main.o" --specs=nano.specs -mfloat-abi=soft -mthumb -o "Core/Src/main.o"
../Core/Src/main.c: In function 'main':
../Core/Src/main.c:69:1: error: expected declaration specifiers before 'while'
   69 | while (1)
      | ^~~~~
../Core/Src/main.c:122:1: error: expected '=', ',', ';', 'asm' or '__attribute__' before '{' token
  122 | {
      | ^
../Core/Src/main.c:161:1: error: expected '=', ',', ';', 'asm' or '__attribute__' before '{' token
  161 | {
      | ^
../Core/Src/main.c:196:1: error: expected '=', ',', ';', 'asm' or '__attribute__' before '{' token
  196 | {
      | ^
../Core/Src/main.c:235:1: error: expected '=', ',', ';', 'asm' or '__attribute__' before '{' token
  235 | {
      | ^
../Core/Src/main.c:262: error: expected '{' at end of input
../Core/Src/main.c: At top level:
../Core/Src/main.c:53:13: warning: 'MX_GPIO_Init' declared 'static' but never defined [-Wunused-function]
   53 | static void MX_GPIO_Init(void);
      |             ^~~~~~~~~~~~
../Core/Src/main.c:54:13: warning: 'MX_USART2_UART_Init' declared 'static' but never defined [-Wunused-function]
   54 | static void MX_USART2_UART_Init(void);
      |             ^~~~~~~~~~~~~~~~~~~
make: *** [Core/Src/subdir.mk:34: Core/Src/main.o] Error 1
"make -j4 all" terminated with exit code 2. Build might be incomplete.
16:10:33 **** Incremental Build of configuration Debug for project CVIK1 ****
make -j4 all 
arm-none-eabi-gcc "../Core/Src/main.c" -mcpu=cortex-m0 -std=gnu11 -g3 -DDEBUG -DUSE_HAL_DRIVER -DSTM32F030x8 -c -I../Core/Inc -I../Drivers/STM32F0xx_HAL_Driver/Inc -I../Drivers/STM32F0xx_HAL_Driver/Inc/Legacy -I../Drivers/CMSIS/Device/ST/STM32F0xx/Include -I../Drivers/CMSIS/Include -O0 -ffunction-sections -fdata-sections -Wall -fstack-usage -fcyclomatic-complexity -MMD -MP -MF"Core/Src/main.d" -MT"Core/Src/main.o" --specs=nano.specs -mfloat-abi=soft -mthumb -o "Core/Src/main.o"
../Core/Src/main.c: In function 'main':
../Core/Src/main.c:69:1: error: expected declaration specifiers before 'while'
   69 | while (1)
      | ^~~~~
../Core/Src/main.c:122:1: error: expected '=', ',', ';', 'asm' or '__attribute__' before '{' token
  122 | {
      | ^
../Core/Src/main.c:161:1: error: expected '=', ',', ';', 'asm' or '__attribute__' before '{' token
  161 | {
      | ^
../Core/Src/main.c:196:1: error: expected '=', ',', ';', 'asm' or '__attribute__' before '{' token
  196 | {
      | ^
../Core/Src/main.c:235:1: error: expected '=', ',', ';', 'asm' or '__attribute__' before '{' token
  235 | {
      | ^
../Core/Src/main.c:262: error: expected '{' at end of input
../Core/Src/main.c: At top level:
../Core/Src/main.c:53:13: warning: 'MX_GPIO_Init' declared 'static' but never defined [-Wunused-function]
   53 | static void MX_GPIO_Init(void);
      |             ^~~~~~~~~~~~
../Core/Src/main.c:54:13: warning: 'MX_USART2_UART_Init' declared 'static' but never defined [-Wunused-function]
   54 | static void MX_USART2_UART_Init(void);
      |             ^~~~~~~~~~~~~~~~~~~
make: *** [Core/Src/subdir.mk:34: Core/Src/main.o] Error 1
"make -j4 all" terminated with exit code 2. Build might be incomplete.
16:10:41 **** Incremental Build of configuration Debug for project CVIK1 ****
make -j4 all 
arm-none-eabi-gcc "../Core/Src/main.c" -mcpu=cortex-m0 -std=gnu11 -g3 -DDEBUG -DUSE_HAL_DRIVER -DSTM32F030x8 -c -I../Core/Inc -I../Drivers/STM32F0xx_HAL_Driver/Inc -I../Drivers/STM32F0xx_HAL_Driver/Inc/Legacy -I../Drivers/CMSIS/Device/ST/STM32F0xx/Include -I../Drivers/CMSIS/Include -O0 -ffunction-sections -fdata-sections -Wall -fstack-usage -fcyclomatic-complexity -MMD -MP -MF"Core/Src/main.d" -MT"Core/Src/main.o" --specs=nano.specs -mfloat-abi=soft -mthumb -o "Core/Src/main.o"
../Core/Src/main.c: In function 'main':
../Core/Src/main.c:69:1: error: expected declaration specifiers before 'while'
   69 | while (1)
      | ^~~~~
../Core/Src/main.c:122:1: error: expected '=', ',', ';', 'asm' or '__attribute__' before '{' token
  122 | {
      | ^
../Core/Src/main.c:161:1: error: expected '=', ',', ';', 'asm' or '__attribute__' before '{' token
  161 | {
      | ^
../Core/Src/main.c:196:1: error: expected '=', ',', ';', 'asm' or '__attribute__' before '{' token
  196 | {
      | ^
../Core/Src/main.c:235:1: error: expected '=', ',', ';', 'asm' or '__attribute__' before '{' token
  235 | {
      | ^
../Core/Src/main.c:262: error: expected '{' at end of input
../Core/Src/main.c: At top level:
../Core/Src/main.c:53:13: warning: 'MX_GPIO_Init' declared 'static' but never defined [-Wunused-function]
   53 | static void MX_GPIO_Init(void);
      |             ^~~~~~~~~~~~
../Core/Src/main.c:54:13: warning: 'MX_USART2_UART_Init' declared 'static' but never defined [-Wunused-function]
   54 | static void MX_USART2_UART_Init(void);
      |             ^~~~~~~~~~~~~~~~~~~
make: *** [Core/Src/subdir.mk:34: Core/Src/main.o] Error 1
"make -j4 all" terminated with exit code 2. Build might be incomplete.
16:11:11 **** Incremental Build of configuration Debug for project CVIK1 ****
make -j4 all 
arm-none-eabi-gcc "../Core/Src/main.c" -mcpu=cortex-m0 -std=gnu11 -g3 -DDEBUG -DUSE_HAL_DRIVER -DSTM32F030x8 -c -I../Core/Inc -I../Drivers/STM32F0xx_HAL_Driver/Inc -I../Drivers/STM32F0xx_HAL_Driver/Inc/Legacy -I../Drivers/CMSIS/Device/ST/STM32F0xx/Include -I../Drivers/CMSIS/Include -O0 -ffunction-sections -fdata-sections -Wall -fstack-usage -fcyclomatic-complexity -MMD -MP -MF"Core/Src/main.d" -MT"Core/Src/main.o" --specs=nano.specs -mfloat-abi=soft -mthumb -o "Core/Src/main.o"
../Core/Src/main.c: In function 'main':
../Core/Src/main.c:69:1: error: expected declaration specifiers before 'while'
   69 | while (1)
      | ^~~~~
../Core/Src/main.c:122:1: error: expected '=', ',', ';', 'asm' or '__attribute__' before '{' token
  122 | {
      | ^
../Core/Src/main.c:161:1: error: expected '=', ',', ';', 'asm' or '__attribute__' before '{' token
  161 | {
      | ^
../Core/Src/main.c:196:1: error: expected '=', ',', ';', 'asm' or '__attribute__' before '{' token
  196 | {
      | ^
../Core/Src/main.c:235:1: error: expected '=', ',', ';', 'asm' or '__attribute__' before '{' token
  235 | {
      | ^
../Core/Src/main.c:262: error: expected '{' at end of input
../Core/Src/main.c: At top level:
../Core/Src/main.c:53:13: warning: 'MX_GPIO_Init' declared 'static' but never defined [-Wunused-function]
   53 | static void MX_GPIO_Init(void);
      |             ^~~~~~~~~~~~
../Core/Src/main.c:54:13: warning: 'MX_USART2_UART_Init' declared 'static' but never defined [-Wunused-function]
   54 | static void MX_USART2_UART_Init(void);
      |             ^~~~~~~~~~~~~~~~~~~
make: *** [Core/Src/subdir.mk:34: Core/Src/main.o] Error 1
"make -j4 all" terminated with exit code 2. Build might be incomplete.
16:11:52 **** Incremental Build of configuration Debug for project CVIK1 ****
make -j4 all 
arm-none-eabi-gcc "../Core/Src/main.c" -mcpu=cortex-m0 -std=gnu11 -g3 -DDEBUG -DUSE_HAL_DRIVER -DSTM32F030x8 -c -I../Core/Inc -I../Drivers/STM32F0xx_HAL_Driver/Inc -I../Drivers/STM32F0xx_HAL_Driver/Inc/Legacy -I../Drivers/CMSIS/Device/ST/STM32F0xx/Include -I../Drivers/CMSIS/Include -O0 -ffunction-sections -fdata-sections -Wall -fstack-usage -fcyclomatic-complexity -MMD -MP -MF"Core/Src/main.d" -MT"Core/Src/main.o" --specs=nano.specs -mfloat-abi=soft -mthumb -o "Core/Src/main.o"
../Core/Src/main.c: In function 'main':
../Core/Src/main.c:102:11: warning: implicit declaration of function 'LL_GPIO_SetOutputPin' [-Wimplicit-function-declaration]
  102 |           LL_GPIO_SetOutputPin(LD2_GPIO_Port, LD2_Pin);
      |           ^~~~~~~~~~~~~~~~~~~~
../Core/Src/main.c:103:17: warning: implicit declaration of function 'LL_mDelay'; did you mean 'HAL_Delay'? [-Wimplicit-function-declaration]
  103 |                 LL_mDelay (200);
      |                 ^~~~~~~~~
      |                 HAL_Delay
../Core/Src/main.c:104:17: warning: implicit declaration of function 'LL_GPIO_ResetOutputPin' [-Wimplicit-function-declaration]
  104 |                 LL_GPIO_ResetOutputPin(LD2_GPIO_Port, LD2_Pin);
      |                 ^~~~~~~~~~~~~~~~~~~~~~
../Core/Src/main.c:105:31: error: expected ';' before '}' token
  105 |                 LL_mDelay(200)
      |                               ^
      |                               ;
......
  109 |   }
      |   ~                            
make: *** [Core/Src/subdir.mk:34: Core/Src/main.o] Error 1
"make -j4 all" terminated with exit code 2. Build might be incomplete.
16:12:27 **** Incremental Build of configuration Debug for project CVIK1 ****
make -j4 all 
arm-none-eabi-gcc "../Core/Src/main.c" -mcpu=cortex-m0 -std=gnu11 -g3 -DDEBUG -DUSE_HAL_DRIVER -DSTM32F030x8 -c -I../Core/Inc -I../Drivers/STM32F0xx_HAL_Driver/Inc -I../Drivers/STM32F0xx_HAL_Driver/Inc/Legacy -I../Drivers/CMSIS/Device/ST/STM32F0xx/Include -I../Drivers/CMSIS/Include -O0 -ffunction-sections -fdata-sections -Wall -fstack-usage -fcyclomatic-complexity -MMD -MP -MF"Core/Src/main.d" -MT"Core/Src/main.o" --specs=nano.specs -mfloat-abi=soft -mthumb -o "Core/Src/main.o"
../Core/Src/main.c: In function 'main':
../Core/Src/main.c:102:11: warning: implicit declaration of function 'LL_GPIO_SetOutputPin' [-Wimplicit-function-declaration]
  102 |           LL_GPIO_SetOutputPin(LD2_GPIO_Port, LD2_Pin);
      |           ^~~~~~~~~~~~~~~~~~~~
../Core/Src/main.c:103:17: warning: implicit declaration of function 'LL_mDelay'; did you mean 'HAL_Delay'? [-Wimplicit-function-declaration]
  103 |                 LL_mDelay (200);
      |                 ^~~~~~~~~
      |                 HAL_Delay
../Core/Src/main.c:104:17: warning: implicit declaration of function 'LL_GPIO_ResetOutputPin' [-Wimplicit-function-declaration]
  104 |                 LL_GPIO_ResetOutputPin(LD2_GPIO_Port, LD2_Pin);
      |                 ^~~~~~~~~~~~~~~~~~~~~~
../Core/Src/main.c:105:31: error: expected ';' before '}' token
  105 |                 LL_mDelay(200)
      |                               ^
      |                               ;
......
  109 |   }
      |   ~                            
make: *** [Core/Src/subdir.mk:34: Core/Src/main.o] Error 1
"make -j4 all" terminated with exit code 2. Build might be incomplete.
16:12:40 **** Incremental Build of configuration Debug for project CVIK1 ****
make -j4 all 
arm-none-eabi-gcc "../Core/Src/main.c" -mcpu=cortex-m0 -std=gnu11 -g3 -DDEBUG -DUSE_HAL_DRIVER -DSTM32F030x8 -c -I../Core/Inc -I../Drivers/STM32F0xx_HAL_Driver/Inc -I../Drivers/STM32F0xx_HAL_Driver/Inc/Legacy -I../Drivers/CMSIS/Device/ST/STM32F0xx/Include -I../Drivers/CMSIS/Include -O0 -ffunction-sections -fdata-sections -Wall -fstack-usage -fcyclomatic-complexity -MMD -MP -MF"Core/Src/main.d" -MT"Core/Src/main.o" --specs=nano.specs -mfloat-abi=soft -mthumb -o "Core/Src/main.o"
../Core/Src/main.c: In function 'main':
../Core/Src/main.c:102:11: warning: implicit declaration of function 'LL_GPIO_SetOutputPin' [-Wimplicit-function-declaration]
  102 |           LL_GPIO_SetOutputPin(LD2_GPIO_Port, LD2_Pin);
      |           ^~~~~~~~~~~~~~~~~~~~
../Core/Src/main.c:103:17: warning: implicit declaration of function 'LL_mDelay'; did you mean 'HAL_Delay'? [-Wimplicit-function-declaration]
  103 |                 LL_mDelay (200);
      |                 ^~~~~~~~~
      |                 HAL_Delay
../Core/Src/main.c:104:17: warning: implicit declaration of function 'LL_GPIO_ResetOutputPin' [-Wimplicit-function-declaration]
  104 |                 LL_GPIO_ResetOutputPin(LD2_GPIO_Port, LD2_Pin);
      |                 ^~~~~~~~~~~~~~~~~~~~~~
../Core/Src/main.c:105:31: error: expected ';' before '}' token
  105 |                 LL_mDelay(200)
      |                               ^
      |                               ;
......
  109 |   }
      |   ~                            
make: *** [Core/Src/subdir.mk:34: Core/Src/main.o] Error 1
"make -j4 all" terminated with exit code 2. Build might be incomplete.
16:12:56 **** Incremental Build of configuration Debug for project CVIK1 ****
make -j4 all 
arm-none-eabi-gcc "../Core/Src/main.c" -mcpu=cortex-m0 -std=gnu11 -g3 -DDEBUG -DUSE_HAL_DRIVER -DSTM32F030x8 -c -I../Core/Inc -I../Drivers/STM32F0xx_HAL_Driver/Inc -I../Drivers/STM32F0xx_HAL_Driver/Inc/Legacy -I../Drivers/CMSIS/Device/ST/STM32F0xx/Include -I../Drivers/CMSIS/Include -O0 -ffunction-sections -fdata-sections -Wall -fstack-usage -fcyclomatic-complexity -MMD -MP -MF"Core/Src/main.d" -MT"Core/Src/main.o" --specs=nano.specs -mfloat-abi=soft -mthumb -o "Core/Src/main.o"
../Core/Src/main.c: In function 'main':
../Core/Src/main.c:102:11: warning: implicit declaration of function 'LL_GPIO_SetOutputPin' [-Wimplicit-function-declaration]
  102 |           LL_GPIO_SetOutputPin(LD2_GPIO_Port, LD2_Pin);
      |           ^~~~~~~~~~~~~~~~~~~~
../Core/Src/main.c:103:17: warning: implicit declaration of function 'LL_mDelay'; did you mean 'HAL_Delay'? [-Wimplicit-function-declaration]
  103 |                 LL_mDelay (200);
      |                 ^~~~~~~~~
      |                 HAL_Delay
../Core/Src/main.c:104:17: warning: implicit declaration of function 'LL_GPIO_ResetOutputPin' [-Wimplicit-function-declaration]
  104 |                 LL_GPIO_ResetOutputPin(LD2_GPIO_Port, LD2_Pin);
      |                 ^~~~~~~~~~~~~~~~~~~~~~
arm-none-eabi-gcc -o "CVIK1.elf" @"objects.list"   -mcpu=cortex-m0 -T"C:\Temp\somsak\MKS\MKS\CVIK1\STM32F030R8TX_FLASH.ld" --specs=nosys.specs -Wl,-Map="CVIK1.map" -Wl,--gc-sections -static --specs=nano.specs -mfloat-abi=soft -mthumb -Wl,--start-group -lc -lm -Wl,--end-group
C:/appz/ST/STM32CubeIDE_1.10.1/STM32CubeIDE/plugins/com.st.stm32cube.ide.mcu.externaltools.gnu-tools-for-stm32.11.3.rel1.win32_1.1.0.202305231506/tools/bin/../lib/gcc/arm-none-eabi/11.3.1/../../../../arm-none-eabi/bin/ld.exe: ./Core/Src/main.o: in function `main':
C:/Temp/somsak/MKS/MKS/CVIK1/Debug/../Core/Src/main.c:102: undefined reference to `LL_GPIO_SetOutputPin'
C:/appz/ST/STM32CubeIDE_1.10.1/STM32CubeIDE/plugins/com.st.stm32cube.ide.mcu.externaltools.gnu-tools-for-stm32.11.3.rel1.win32_1.1.0.202305231506/tools/bin/../lib/gcc/arm-none-eabi/11.3.1/../../../../arm-none-eabi/bin/ld.exe: C:/Temp/somsak/MKS/MKS/CVIK1/Debug/../Core/Src/main.c:103: undefined reference to `LL_mDelay'
C:/appz/ST/STM32CubeIDE_1.10.1/STM32CubeIDE/plugins/com.st.stm32cube.ide.mcu.externaltools.gnu-tools-for-stm32.11.3.rel1.win32_1.1.0.202305231506/tools/bin/../lib/gcc/arm-none-eabi/11.3.1/../../../../arm-none-eabi/bin/ld.exe: C:/Temp/somsak/MKS/MKS/CVIK1/Debug/../Core/Src/main.c:104: undefined reference to `LL_GPIO_ResetOutputPin'
C:/appz/ST/STM32CubeIDE_1.10.1/STM32CubeIDE/plugins/com.st.stm32cube.ide.mcu.externaltools.gnu-tools-for-stm32.11.3.rel1.win32_1.1.0.202305231506/tools/bin/../lib/gcc/arm-none-eabi/11.3.1/../../../../arm-none-eabi/bin/ld.exe: C:/Temp/somsak/MKS/MKS/CVIK1/Debug/../Core/Src/main.c:105: undefined reference to `LL_mDelay'
collect2.exe: error: ld returned 1 exit status
make: *** [makefile:64: CVIK1.elf] Error 1
"make -j4 all" terminated with exit code 2. Build might be incomplete.
16:13:33 **** Incremental Build of configuration Debug for project CVIK1 ****
make -j4 all 
arm-none-eabi-gcc "../Drivers/STM32F0xx_HAL_Driver/Src/stm32f0xx_ll_dma.c" -mcpu=cortex-m0 -std=gnu11 -g3 -DDEBUG -DSTM32F030x8 -DUSE_FULL_LL_DRIVER -DHSE_VALUE=8000000 -DHSE_STARTUP_TIMEOUT=100 -DLSE_STARTUP_TIMEOUT=5000 -DLSE_VALUE=32768 -DHSI_VALUE=8000000 -DLSI_VALUE=40000 -DVDD_VALUE=3300 -DPREFETCH_ENABLE=1 -DINSTRUCTION_CACHE_ENABLE=0 -DDATA_CACHE_ENABLE=0 -c -I../Core/Inc -I../Drivers/STM32F0xx_HAL_Driver/Inc -I../Drivers/CMSIS/Device/ST/STM32F0xx/Include -I../Drivers/CMSIS/Include -O0 -ffunction-sections -fdata-sections -Wall -fstack-usage -fcyclomatic-complexity -MMD -MP -MF"Drivers/STM32F0xx_HAL_Driver/Src/stm32f0xx_ll_dma.d" -MT"Drivers/STM32F0xx_HAL_Driver/Src/stm32f0xx_ll_dma.o" --specs=nano.specs -mfloat-abi=soft -mthumb -o "Drivers/STM32F0xx_HAL_Driver/Src/stm32f0xx_ll_dma.o"
arm-none-eabi-gcc "../Drivers/STM32F0xx_HAL_Driver/Src/stm32f0xx_ll_exti.c" -mcpu=cortex-m0 -std=gnu11 -g3 -DDEBUG -DSTM32F030x8 -DUSE_FULL_LL_DRIVER -DHSE_VALUE=8000000 -DHSE_STARTUP_TIMEOUT=100 -DLSE_STARTUP_TIMEOUT=5000 -DLSE_VALUE=32768 -DHSI_VALUE=8000000 -DLSI_VALUE=40000 -DVDD_VALUE=3300 -DPREFETCH_ENABLE=1 -DINSTRUCTION_CACHE_ENABLE=0 -DDATA_CACHE_ENABLE=0 -c -I../Core/Inc -I../Drivers/STM32F0xx_HAL_Driver/Inc -I../Drivers/CMSIS/Device/ST/STM32F0xx/Include -I../Drivers/CMSIS/Include -O0 -ffunction-sections -fdata-sections -Wall -fstack-usage -fcyclomatic-complexity -MMD -MP -MF"Drivers/STM32F0xx_HAL_Driver/Src/stm32f0xx_ll_exti.d" -MT"Drivers/STM32F0xx_HAL_Driver/Src/stm32f0xx_ll_exti.o" --specs=nano.specs -mfloat-abi=soft -mthumb -o "Drivers/STM32F0xx_HAL_Driver/Src/stm32f0xx_ll_exti.o"
arm-none-eabi-gcc "../Drivers/STM32F0xx_HAL_Driver/Src/stm32f0xx_ll_gpio.c" -mcpu=cortex-m0 -std=gnu11 -g3 -DDEBUG -DSTM32F030x8 -DUSE_FULL_LL_DRIVER -DHSE_VALUE=8000000 -DHSE_STARTUP_TIMEOUT=100 -DLSE_STARTUP_TIMEOUT=5000 -DLSE_VALUE=32768 -DHSI_VALUE=8000000 -DLSI_VALUE=40000 -DVDD_VALUE=3300 -DPREFETCH_ENABLE=1 -DINSTRUCTION_CACHE_ENABLE=0 -DDATA_CACHE_ENABLE=0 -c -I../Core/Inc -I../Drivers/STM32F0xx_HAL_Driver/Inc -I../Drivers/CMSIS/Device/ST/STM32F0xx/Include -I../Drivers/CMSIS/Include -O0 -ffunction-sections -fdata-sections -Wall -fstack-usage -fcyclomatic-complexity -MMD -MP -MF"Drivers/STM32F0xx_HAL_Driver/Src/stm32f0xx_ll_gpio.d" -MT"Drivers/STM32F0xx_HAL_Driver/Src/stm32f0xx_ll_gpio.o" --specs=nano.specs -mfloat-abi=soft -mthumb -o "Drivers/STM32F0xx_HAL_Driver/Src/stm32f0xx_ll_gpio.o"
arm-none-eabi-gcc "../Drivers/STM32F0xx_HAL_Driver/Src/stm32f0xx_ll_pwr.c" -mcpu=cortex-m0 -std=gnu11 -g3 -DDEBUG -DSTM32F030x8 -DUSE_FULL_LL_DRIVER -DHSE_VALUE=8000000 -DHSE_STARTUP_TIMEOUT=100 -DLSE_STARTUP_TIMEOUT=5000 -DLSE_VALUE=32768 -DHSI_VALUE=8000000 -DLSI_VALUE=40000 -DVDD_VALUE=3300 -DPREFETCH_ENABLE=1 -DINSTRUCTION_CACHE_ENABLE=0 -DDATA_CACHE_ENABLE=0 -c -I../Core/Inc -I../Drivers/STM32F0xx_HAL_Driver/Inc -I../Drivers/CMSIS/Device/ST/STM32F0xx/Include -I../Drivers/CMSIS/Include -O0 -ffunction-sections -fdata-sections -Wall -fstack-usage -fcyclomatic-complexity -MMD -MP -MF"Drivers/STM32F0xx_HAL_Driver/Src/stm32f0xx_ll_pwr.d" -MT"Drivers/STM32F0xx_HAL_Driver/Src/stm32f0xx_ll_pwr.o" --specs=nano.specs -mfloat-abi=soft -mthumb -o "Drivers/STM32F0xx_HAL_Driver/Src/stm32f0xx_ll_pwr.o"
arm-none-eabi-gcc "../Drivers/STM32F0xx_HAL_Driver/Src/stm32f0xx_ll_rcc.c" -mcpu=cortex-m0 -std=gnu11 -g3 -DDEBUG -DSTM32F030x8 -DUSE_FULL_LL_DRIVER -DHSE_VALUE=8000000 -DHSE_STARTUP_TIMEOUT=100 -DLSE_STARTUP_TIMEOUT=5000 -DLSE_VALUE=32768 -DHSI_VALUE=8000000 -DLSI_VALUE=40000 -DVDD_VALUE=3300 -DPREFETCH_ENABLE=1 -DINSTRUCTION_CACHE_ENABLE=0 -DDATA_CACHE_ENABLE=0 -c -I../Core/Inc -I../Drivers/STM32F0xx_HAL_Driver/Inc -I../Drivers/CMSIS/Device/ST/STM32F0xx/Include -I../Drivers/CMSIS/Include -O0 -ffunction-sections -fdata-sections -Wall -fstack-usage -fcyclomatic-complexity -MMD -MP -MF"Drivers/STM32F0xx_HAL_Driver/Src/stm32f0xx_ll_rcc.d" -MT"Drivers/STM32F0xx_HAL_Driver/Src/stm32f0xx_ll_rcc.o" --specs=nano.specs -mfloat-abi=soft -mthumb -o "Drivers/STM32F0xx_HAL_Driver/Src/stm32f0xx_ll_rcc.o"
arm-none-eabi-gcc "../Drivers/STM32F0xx_HAL_Driver/Src/stm32f0xx_ll_usart.c" -mcpu=cortex-m0 -std=gnu11 -g3 -DDEBUG -DSTM32F030x8 -DUSE_FULL_LL_DRIVER -DHSE_VALUE=8000000 -DHSE_STARTUP_TIMEOUT=100 -DLSE_STARTUP_TIMEOUT=5000 -DLSE_VALUE=32768 -DHSI_VALUE=8000000 -DLSI_VALUE=40000 -DVDD_VALUE=3300 -DPREFETCH_ENABLE=1 -DINSTRUCTION_CACHE_ENABLE=0 -DDATA_CACHE_ENABLE=0 -c -I../Core/Inc -I../Drivers/STM32F0xx_HAL_Driver/Inc -I../Drivers/CMSIS/Device/ST/STM32F0xx/Include -I../Drivers/CMSIS/Include -O0 -ffunction-sections -fdata-sections -Wall -fstack-usage -fcyclomatic-complexity -MMD -MP -MF"Drivers/STM32F0xx_HAL_Driver/Src/stm32f0xx_ll_usart.d" -MT"Drivers/STM32F0xx_HAL_Driver/Src/stm32f0xx_ll_usart.o" --specs=nano.specs -mfloat-abi=soft -mthumb -o "Drivers/STM32F0xx_HAL_Driver/Src/stm32f0xx_ll_usart.o"
arm-none-eabi-gcc "../Drivers/STM32F0xx_HAL_Driver/Src/stm32f0xx_ll_utils.c" -mcpu=cortex-m0 -std=gnu11 -g3 -DDEBUG -DSTM32F030x8 -DUSE_FULL_LL_DRIVER -DHSE_VALUE=8000000 -DHSE_STARTUP_TIMEOUT=100 -DLSE_STARTUP_TIMEOUT=5000 -DLSE_VALUE=32768 -DHSI_VALUE=8000000 -DLSI_VALUE=40000 -DVDD_VALUE=3300 -DPREFETCH_ENABLE=1 -DINSTRUCTION_CACHE_ENABLE=0 -DDATA_CACHE_ENABLE=0 -c -I../Core/Inc -I../Drivers/STM32F0xx_HAL_Driver/Inc -I../Drivers/CMSIS/Device/ST/STM32F0xx/Include -I../Drivers/CMSIS/Include -O0 -ffunction-sections -fdata-sections -Wall -fstack-usage -fcyclomatic-complexity -MMD -MP -MF"Drivers/STM32F0xx_HAL_Driver/Src/stm32f0xx_ll_utils.d" -MT"Drivers/STM32F0xx_HAL_Driver/Src/stm32f0xx_ll_utils.o" --specs=nano.specs -mfloat-abi=soft -mthumb -o "Drivers/STM32F0xx_HAL_Driver/Src/stm32f0xx_ll_utils.o"
arm-none-eabi-gcc "../Core/Src/main.c" -mcpu=cortex-m0 -std=gnu11 -g3 -DDEBUG -DSTM32F030x8 -DUSE_FULL_LL_DRIVER -DHSE_VALUE=8000000 -DHSE_STARTUP_TIMEOUT=100 -DLSE_STARTUP_TIMEOUT=5000 -DLSE_VALUE=32768 -DHSI_VALUE=8000000 -DLSI_VALUE=40000 -DVDD_VALUE=3300 -DPREFETCH_ENABLE=1 -DINSTRUCTION_CACHE_ENABLE=0 -DDATA_CACHE_ENABLE=0 -c -I../Core/Inc -I../Drivers/STM32F0xx_HAL_Driver/Inc -I../Drivers/CMSIS/Device/ST/STM32F0xx/Include -I../Drivers/CMSIS/Include -O0 -ffunction-sections -fdata-sections -Wall -fstack-usage -fcyclomatic-complexity -MMD -MP -MF"Core/Src/main.d" -MT"Core/Src/main.o" --specs=nano.specs -mfloat-abi=soft -mthumb -o "Core/Src/main.o"
arm-none-eabi-gcc "../Core/Src/stm32f0xx_it.c" -mcpu=cortex-m0 -std=gnu11 -g3 -DDEBUG -DSTM32F030x8 -DUSE_FULL_LL_DRIVER -DHSE_VALUE=8000000 -DHSE_STARTUP_TIMEOUT=100 -DLSE_STARTUP_TIMEOUT=5000 -DLSE_VALUE=32768 -DHSI_VALUE=8000000 -DLSI_VALUE=40000 -DVDD_VALUE=3300 -DPREFETCH_ENABLE=1 -DINSTRUCTION_CACHE_ENABLE=0 -DDATA_CACHE_ENABLE=0 -c -I../Core/Inc -I../Drivers/STM32F0xx_HAL_Driver/Inc -I../Drivers/CMSIS/Device/ST/STM32F0xx/Include -I../Drivers/CMSIS/Include -O0 -ffunction-sections -fdata-sections -Wall -fstack-usage -fcyclomatic-complexity -MMD -MP -MF"Core/Src/stm32f0xx_it.d" -MT"Core/Src/stm32f0xx_it.o" --specs=nano.specs -mfloat-abi=soft -mthumb -o "Core/Src/stm32f0xx_it.o"
arm-none-eabi-gcc "../Core/Src/syscalls.c" -mcpu=cortex-m0 -std=gnu11 -g3 -DDEBUG -DSTM32F030x8 -DUSE_FULL_LL_DRIVER -DHSE_VALUE=8000000 -DHSE_STARTUP_TIMEOUT=100 -DLSE_STARTUP_TIMEOUT=5000 -DLSE_VALUE=32768 -DHSI_VALUE=8000000 -DLSI_VALUE=40000 -DVDD_VALUE=3300 -DPREFETCH_ENABLE=1 -DINSTRUCTION_CACHE_ENABLE=0 -DDATA_CACHE_ENABLE=0 -c -I../Core/Inc -I../Drivers/STM32F0xx_HAL_Driver/Inc -I../Drivers/CMSIS/Device/ST/STM32F0xx/Include -I../Drivers/CMSIS/Include -O0 -ffunction-sections -fdata-sections -Wall -fstack-usage -fcyclomatic-complexity -MMD -MP -MF"Core/Src/syscalls.d" -MT"Core/Src/syscalls.o" --specs=nano.specs -mfloat-abi=soft -mthumb -o "Core/Src/syscalls.o"
arm-none-eabi-gcc "../Core/Src/sysmem.c" -mcpu=cortex-m0 -std=gnu11 -g3 -DDEBUG -DSTM32F030x8 -DUSE_FULL_LL_DRIVER -DHSE_VALUE=8000000 -DHSE_STARTUP_TIMEOUT=100 -DLSE_STARTUP_TIMEOUT=5000 -DLSE_VALUE=32768 -DHSI_VALUE=8000000 -DLSI_VALUE=40000 -DVDD_VALUE=3300 -DPREFETCH_ENABLE=1 -DINSTRUCTION_CACHE_ENABLE=0 -DDATA_CACHE_ENABLE=0 -c -I../Core/Inc -I../Drivers/STM32F0xx_HAL_Driver/Inc -I../Drivers/CMSIS/Device/ST/STM32F0xx/Include -I../Drivers/CMSIS/Include -O0 -ffunction-sections -fdata-sections -Wall -fstack-usage -fcyclomatic-complexity -MMD -MP -MF"Core/Src/sysmem.d" -MT"Core/Src/sysmem.o" --specs=nano.specs -mfloat-abi=soft -mthumb -o "Core/Src/sysmem.o"
arm-none-eabi-gcc "../Core/Src/system_stm32f0xx.c" -mcpu=cortex-m0 -std=gnu11 -g3 -DDEBUG -DSTM32F030x8 -DUSE_FULL_LL_DRIVER -DHSE_VALUE=8000000 -DHSE_STARTUP_TIMEOUT=100 -DLSE_STARTUP_TIMEOUT=5000 -DLSE_VALUE=32768 -DHSI_VALUE=8000000 -DLSI_VALUE=40000 -DVDD_VALUE=3300 -DPREFETCH_ENABLE=1 -DINSTRUCTION_CACHE_ENABLE=0 -DDATA_CACHE_ENABLE=0 -c -I../Core/Inc -I../Drivers/STM32F0xx_HAL_Driver/Inc -I../Drivers/CMSIS/Device/ST/STM32F0xx/Include -I../Drivers/CMSIS/Include -O0 -ffunction-sections -fdata-sections -Wall -fstack-usage -fcyclomatic-complexity -MMD -MP -MF"Core/Src/system_stm32f0xx.d" -MT"Core/Src/system_stm32f0xx.o" --specs=nano.specs -mfloat-abi=soft -mthumb -o "Core/Src/system_stm32f0xx.o"
arm-none-eabi-gcc -o "CVIK1.elf" @"objects.list"   -mcpu=cortex-m0 -T"C:\Temp\somsak\MKS\MKS\CVIK1\STM32F030R8TX_FLASH.ld" --specs=nosys.specs -Wl,-Map="CVIK1.map" -Wl,--gc-sections -static --specs=nano.specs -mfloat-abi=soft -mthumb -Wl,--start-group -lc -lm -Wl,--end-group
Finished building target: CVIK1.elf
 
arm-none-eabi-size   CVIK1.elf 
arm-none-eabi-objdump -h -S  CVIK1.elf  > "CVIK1.list"
   text	   data	    bss	    dec	    hex	filename
   4880	     12	   1564	   6456	   1938	CVIK1.elf
Finished building: default.size.stdout
 
Finished building: CVIK1.list
 
16:13:38 **** Incremental Build of configuration Debug for project CVIK1 ****
make -j4 all 
arm-none-eabi-size   CVIK1.elf 
   text	   data	    bss	    dec	    hex	filename
   4880	     12	   1564	   6456	   1938	CVIK1.elf
Finished building: default.size.stdout
 
16:15:19 **** Incremental Build of configuration Debug for project CVIK1 ****
make -j4 all 
arm-none-eabi-gcc "../Core/Src/main.c" -mcpu=cortex-m0 -std=gnu11 -g3 -DDEBUG -DSTM32F030x8 -DUSE_FULL_LL_DRIVER -DHSE_VALUE=8000000 -DHSE_STARTUP_TIMEOUT=100 -DLSE_STARTUP_TIMEOUT=5000 -DLSE_VALUE=32768 -DHSI_VALUE=8000000 -DLSI_VALUE=40000 -DVDD_VALUE=3300 -DPREFETCH_ENABLE=1 -DINSTRUCTION_CACHE_ENABLE=0 -DDATA_CACHE_ENABLE=0 -c -I../Core/Inc -I../Drivers/STM32F0xx_HAL_Driver/Inc -I../Drivers/CMSIS/Device/ST/STM32F0xx/Include -I../Drivers/CMSIS/Include -O0 -ffunction-sections -fdata-sections -Wall -fstack-usage -fcyclomatic-complexity -MMD -MP -MF"Core/Src/main.d" -MT"Core/Src/main.o" --specs=nano.specs -mfloat-abi=soft -mthumb -o "Core/Src/main.o"
arm-none-eabi-gcc -o "CVIK1.elf" @"objects.list"   -mcpu=cortex-m0 -T"C:\Temp\somsak\MKS\MKS\CVIK1\STM32F030R8TX_FLASH.ld" --specs=nosys.specs -Wl,-Map="CVIK1.map" -Wl,--gc-sections -static --specs=nano.specs -mfloat-abi=soft -mthumb -Wl,--start-group -lc -lm -Wl,--end-group
Finished building target: CVIK1.elf
 
arm-none-eabi-size   CVIK1.elf 
arm-none-eabi-objdump -h -S  CVIK1.elf  > "CVIK1.list"
   text	   data	    bss	    dec	    hex	filename
    636	     12	   1564	   2212	    8a4	CVIK1.elf
Finished building: default.size.stdout
 
Finished building: CVIK1.list
 
16:15:23 **** Incremental Build of configuration Debug for project CVIK1 ****
make -j4 all 
arm-none-eabi-size   CVIK1.elf 
   text	   data	    bss	    dec	    hex	filename
    636	     12	   1564	   2212	    8a4	CVIK1.elf
Finished building: default.size.stdout
 
16:15:44 **** Incremental Build of configuration Debug for project CVIK1 ****
make -j4 all 
arm-none-eabi-size   CVIK1.elf 
   text	   data	    bss	    dec	    hex	filename
    636	     12	   1564	   2212	    8a4	CVIK1.elf
Finished building: default.size.stdout
 
16:16:09 **** Incremental Build of configuration Debug for project CVIK1 ****
make -j4 all 
arm-none-eabi-gcc "../Core/Src/main.c" -mcpu=cortex-m0 -std=gnu11 -g3 -DDEBUG -DSTM32F030x8 -DUSE_FULL_LL_DRIVER -DHSE_VALUE=8000000 -DHSE_STARTUP_TIMEOUT=100 -DLSE_STARTUP_TIMEOUT=5000 -DLSE_VALUE=32768 -DHSI_VALUE=8000000 -DLSI_VALUE=40000 -DVDD_VALUE=3300 -DPREFETCH_ENABLE=1 -DINSTRUCTION_CACHE_ENABLE=0 -DDATA_CACHE_ENABLE=0 -c -I../Core/Inc -I../Drivers/STM32F0xx_HAL_Driver/Inc -I../Drivers/CMSIS/Device/ST/STM32F0xx/Include -I../Drivers/CMSIS/Include -O0 -ffunction-sections -fdata-sections -Wall -fstack-usage -fcyclomatic-complexity -MMD -MP -MF"Core/Src/main.d" -MT"Core/Src/main.o" --specs=nano.specs -mfloat-abi=soft -mthumb -o "Core/Src/main.o"
../Core/Src/main.c:45:1: error: unknown type name 'UART_HandleTypeDef'
   45 | UART_HandleTypeDef huart2;
      | ^~~~~~~~~~~~~~~~~~
../Core/Src/main.c: In function 'main':
../Core/Src/main.c:78:3: warning: implicit declaration of function 'HAL_Init' [-Wimplicit-function-declaration]
   78 |   HAL_Init();
      |   ^~~~~~~~
../Core/Src/main.c: In function 'SystemClock_Config':
../Core/Src/main.c:119:3: error: unknown type name 'RCC_OscInitTypeDef'
  119 |   RCC_OscInitTypeDef RCC_OscInitStruct = {0};
      |   ^~~~~~~~~~~~~~~~~~
../Core/Src/main.c:120:3: error: unknown type name 'RCC_ClkInitTypeDef'
  120 |   RCC_ClkInitTypeDef RCC_ClkInitStruct = {0};
      |   ^~~~~~~~~~~~~~~~~~
../Core/Src/main.c:125:20: error: request for member 'OscillatorType' in something not a structure or union
  125 |   RCC_OscInitStruct.OscillatorType = RCC_OSCILLATORTYPE_HSI;
      |                    ^
../Core/Src/main.c:125:38: error: 'RCC_OSCILLATORTYPE_HSI' undeclared (first use in this function)
  125 |   RCC_OscInitStruct.OscillatorType = RCC_OSCILLATORTYPE_HSI;
      |                                      ^~~~~~~~~~~~~~~~~~~~~~
../Core/Src/main.c:125:38: note: each undeclared identifier is reported only once for each function it appears in
../Core/Src/main.c:126:20: error: request for member 'HSIState' in something not a structure or union
  126 |   RCC_OscInitStruct.HSIState = RCC_HSI_ON;
      |                    ^
../Core/Src/main.c:126:32: error: 'RCC_HSI_ON' undeclared (first use in this function)
  126 |   RCC_OscInitStruct.HSIState = RCC_HSI_ON;
      |                                ^~~~~~~~~~
../Core/Src/main.c:127:20: error: request for member 'HSICalibrationValue' in something not a structure or union
  127 |   RCC_OscInitStruct.HSICalibrationValue = RCC_HSICALIBRATION_DEFAULT;
      |                    ^
../Core/Src/main.c:127:43: error: 'RCC_HSICALIBRATION_DEFAULT' undeclared (first use in this function)
  127 |   RCC_OscInitStruct.HSICalibrationValue = RCC_HSICALIBRATION_DEFAULT;
      |                                           ^~~~~~~~~~~~~~~~~~~~~~~~~~
../Core/Src/main.c:128:20: error: request for member 'PLL' in something not a structure or union
  128 |   RCC_OscInitStruct.PLL.PLLState = RCC_PLL_ON;
      |                    ^
../Core/Src/main.c:128:36: error: 'RCC_PLL_ON' undeclared (first use in this function); did you mean 'RCC_CR_PLLON'?
  128 |   RCC_OscInitStruct.PLL.PLLState = RCC_PLL_ON;
      |                                    ^~~~~~~~~~
      |                                    RCC_CR_PLLON
../Core/Src/main.c:129:20: error: request for member 'PLL' in something not a structure or union
  129 |   RCC_OscInitStruct.PLL.PLLSource = RCC_PLLSOURCE_HSI;
      |                    ^
../Core/Src/main.c:129:37: error: 'RCC_PLLSOURCE_HSI' undeclared (first use in this function); did you mean 'LL_RCC_PLLSOURCE_HSE'?
  129 |   RCC_OscInitStruct.PLL.PLLSource = RCC_PLLSOURCE_HSI;
      |                                     ^~~~~~~~~~~~~~~~~
      |                                     LL_RCC_PLLSOURCE_HSE
../Core/Src/main.c:130:20: error: request for member 'PLL' in something not a structure or union
  130 |   RCC_OscInitStruct.PLL.PLLMUL = RCC_PLL_MUL12;
      |                    ^
../Core/Src/main.c:130:34: error: 'RCC_PLL_MUL12' undeclared (first use in this function); did you mean 'LL_RCC_PLL_MUL_2'?
  130 |   RCC_OscInitStruct.PLL.PLLMUL = RCC_PLL_MUL12;
      |                                  ^~~~~~~~~~~~~
      |                                  LL_RCC_PLL_MUL_2
../Core/Src/main.c:131:20: error: request for member 'PLL' in something not a structure or union
  131 |   RCC_OscInitStruct.PLL.PREDIV = RCC_PREDIV_DIV1;
      |                    ^
../Core/Src/main.c:131:34: error: 'RCC_PREDIV_DIV1' undeclared (first use in this function); did you mean 'LL_RCC_PREDIV_DIV_1'?
  131 |   RCC_OscInitStruct.PLL.PREDIV = RCC_PREDIV_DIV1;
      |                                  ^~~~~~~~~~~~~~~
      |                                  LL_RCC_PREDIV_DIV_1
../Core/Src/main.c:132:7: warning: implicit declaration of function 'HAL_RCC_OscConfig' [-Wimplicit-function-declaration]
  132 |   if (HAL_RCC_OscConfig(&RCC_OscInitStruct) != HAL_OK)
      |       ^~~~~~~~~~~~~~~~~
../Core/Src/main.c:132:48: error: 'HAL_OK' undeclared (first use in this function)
  132 |   if (HAL_RCC_OscConfig(&RCC_OscInitStruct) != HAL_OK)
      |                                                ^~~~~~
../Core/Src/main.c:139:20: error: request for member 'ClockType' in something not a structure or union
  139 |   RCC_ClkInitStruct.ClockType = RCC_CLOCKTYPE_HCLK|RCC_CLOCKTYPE_SYSCLK
      |                    ^
../Core/Src/main.c:139:33: error: 'RCC_CLOCKTYPE_HCLK' undeclared (first use in this function)
  139 |   RCC_ClkInitStruct.ClockType = RCC_CLOCKTYPE_HCLK|RCC_CLOCKTYPE_SYSCLK
      |                                 ^~~~~~~~~~~~~~~~~~
../Core/Src/main.c:139:52: error: 'RCC_CLOCKTYPE_SYSCLK' undeclared (first use in this function)
  139 |   RCC_ClkInitStruct.ClockType = RCC_CLOCKTYPE_HCLK|RCC_CLOCKTYPE_SYSCLK
      |                                                    ^~~~~~~~~~~~~~~~~~~~
../Core/Src/main.c:140:32: error: 'RCC_CLOCKTYPE_PCLK1' undeclared (first use in this function)
  140 |                               |RCC_CLOCKTYPE_PCLK1;
      |                                ^~~~~~~~~~~~~~~~~~~
../Core/Src/main.c:141:20: error: request for member 'SYSCLKSource' in something not a structure or union
  141 |   RCC_ClkInitStruct.SYSCLKSource = RCC_SYSCLKSOURCE_PLLCLK;
      |                    ^
../Core/Src/main.c:141:36: error: 'RCC_SYSCLKSOURCE_PLLCLK' undeclared (first use in this function); did you mean 'LL_RCC_SYS_CLKSOURCE_PLL'?
  141 |   RCC_ClkInitStruct.SYSCLKSource = RCC_SYSCLKSOURCE_PLLCLK;
      |                                    ^~~~~~~~~~~~~~~~~~~~~~~
      |                                    LL_RCC_SYS_CLKSOURCE_PLL
../Core/Src/main.c:142:20: error: request for member 'AHBCLKDivider' in something not a structure or union
  142 |   RCC_ClkInitStruct.AHBCLKDivider = RCC_SYSCLK_DIV1;
      |                    ^
../Core/Src/main.c:142:37: error: 'RCC_SYSCLK_DIV1' undeclared (first use in this function); did you mean 'LL_RCC_SYSCLK_DIV_1'?
  142 |   RCC_ClkInitStruct.AHBCLKDivider = RCC_SYSCLK_DIV1;
      |                                     ^~~~~~~~~~~~~~~
      |                                     LL_RCC_SYSCLK_DIV_1
../Core/Src/main.c:143:20: error: request for member 'APB1CLKDivider' in something not a structure or union
  143 |   RCC_ClkInitStruct.APB1CLKDivider = RCC_HCLK_DIV1;
      |                    ^
../Core/Src/main.c:143:38: error: 'RCC_HCLK_DIV1' undeclared (first use in this function)
  143 |   RCC_ClkInitStruct.APB1CLKDivider = RCC_HCLK_DIV1;
      |                                      ^~~~~~~~~~~~~
../Core/Src/main.c:145:7: warning: implicit declaration of function 'HAL_RCC_ClockConfig' [-Wimplicit-function-declaration]
  145 |   if (HAL_RCC_ClockConfig(&RCC_ClkInitStruct, FLASH_LATENCY_1) != HAL_OK)
      |       ^~~~~~~~~~~~~~~~~~~
../Core/Src/main.c:145:47: error: 'FLASH_LATENCY_1' undeclared (first use in this function); did you mean 'LL_FLASH_LATENCY_1'?
  145 |   if (HAL_RCC_ClockConfig(&RCC_ClkInitStruct, FLASH_LATENCY_1) != HAL_OK)
      |                                               ^~~~~~~~~~~~~~~
      |                                               LL_FLASH_LATENCY_1
../Core/Src/main.c: In function 'MX_USART2_UART_Init':
../Core/Src/main.c:166:9: error: request for member 'Instance' in something not a structure or union
  166 |   huart2.Instance = USART2;
      |         ^
../Core/Src/main.c:167:9: error: request for member 'Init' in something not a structure or union
  167 |   huart2.Init.BaudRate = 38400;
      |         ^
../Core/Src/main.c:168:9: error: request for member 'Init' in something not a structure or union
  168 |   huart2.Init.WordLength = UART_WORDLENGTH_8B;
      |         ^
../Core/Src/main.c:168:28: error: 'UART_WORDLENGTH_8B' undeclared (first use in this function)
  168 |   huart2.Init.WordLength = UART_WORDLENGTH_8B;
      |                            ^~~~~~~~~~~~~~~~~~
../Core/Src/main.c:169:9: error: request for member 'Init' in something not a structure or union
  169 |   huart2.Init.StopBits = UART_STOPBITS_1;
      |         ^
../Core/Src/main.c:169:26: error: 'UART_STOPBITS_1' undeclared (first use in this function); did you mean 'LL_USART_STOPBITS_1'?
  169 |   huart2.Init.StopBits = UART_STOPBITS_1;
      |                          ^~~~~~~~~~~~~~~
      |                          LL_USART_STOPBITS_1
../Core/Src/main.c:170:9: error: request for member 'Init' in something not a structure or union
  170 |   huart2.Init.Parity = UART_PARITY_NONE;
      |         ^
../Core/Src/main.c:170:24: error: 'UART_PARITY_NONE' undeclared (first use in this function); did you mean 'LL_USART_PARITY_NONE'?
  170 |   huart2.Init.Parity = UART_PARITY_NONE;
      |                        ^~~~~~~~~~~~~~~~
      |                        LL_USART_PARITY_NONE
../Core/Src/main.c:171:9: error: request for member 'Init' in something not a structure or union
  171 |   huart2.Init.Mode = UART_MODE_TX_RX;
      |         ^
../Core/Src/main.c:171:22: error: 'UART_MODE_TX_RX' undeclared (first use in this function)
  171 |   huart2.Init.Mode = UART_MODE_TX_RX;
      |                      ^~~~~~~~~~~~~~~
../Core/Src/main.c:172:9: error: request for member 'Init' in something not a structure or union
  172 |   huart2.Init.HwFlowCtl = UART_HWCONTROL_NONE;
      |         ^
../Core/Src/main.c:172:27: error: 'UART_HWCONTROL_NONE' undeclared (first use in this function); did you mean 'LL_USART_HWCONTROL_NONE'?
  172 |   huart2.Init.HwFlowCtl = UART_HWCONTROL_NONE;
      |                           ^~~~~~~~~~~~~~~~~~~
      |                           LL_USART_HWCONTROL_NONE
../Core/Src/main.c:173:9: error: request for member 'Init' in something not a structure or union
  173 |   huart2.Init.OverSampling = UART_OVERSAMPLING_16;
      |         ^
../Core/Src/main.c:173:30: error: 'UART_OVERSAMPLING_16' undeclared (first use in this function); did you mean 'LL_USART_OVERSAMPLING_16'?
  173 |   huart2.Init.OverSampling = UART_OVERSAMPLING_16;
      |                              ^~~~~~~~~~~~~~~~~~~~
      |                              LL_USART_OVERSAMPLING_16
../Core/Src/main.c:174:9: error: request for member 'Init' in something not a structure or union
  174 |   huart2.Init.OneBitSampling = UART_ONE_BIT_SAMPLE_DISABLE;
      |         ^
../Core/Src/main.c:174:32: error: 'UART_ONE_BIT_SAMPLE_DISABLE' undeclared (first use in this function)
  174 |   huart2.Init.OneBitSampling = UART_ONE_BIT_SAMPLE_DISABLE;
      |                                ^~~~~~~~~~~~~~~~~~~~~~~~~~~
../Core/Src/main.c:175:9: error: request for member 'AdvancedInit' in something not a structure or union
  175 |   huart2.AdvancedInit.AdvFeatureInit = UART_ADVFEATURE_NO_INIT;
      |         ^
../Core/Src/main.c:175:40: error: 'UART_ADVFEATURE_NO_INIT' undeclared (first use in this function)
  175 |   huart2.AdvancedInit.AdvFeatureInit = UART_ADVFEATURE_NO_INIT;
      |                                        ^~~~~~~~~~~~~~~~~~~~~~~
../Core/Src/main.c:176:7: warning: implicit declaration of function 'HAL_UART_Init'; did you mean 'LL_USART_Init'? [-Wimplicit-function-declaration]
  176 |   if (HAL_UART_Init(&huart2) != HAL_OK)
      |       ^~~~~~~~~~~~~
      |       LL_USART_Init
../Core/Src/main.c:176:33: error: 'HAL_OK' undeclared (first use in this function)
  176 |   if (HAL_UART_Init(&huart2) != HAL_OK)
      |                                 ^~~~~~
../Core/Src/main.c: In function 'MX_GPIO_Init':
../Core/Src/main.c:193:3: error: unknown type name 'GPIO_InitTypeDef'; did you mean 'LL_GPIO_InitTypeDef'?
  193 |   GPIO_InitTypeDef GPIO_InitStruct = {0};
      |   ^~~~~~~~~~~~~~~~
      |   LL_GPIO_InitTypeDef
../Core/Src/main.c:198:3: warning: implicit declaration of function '__HAL_RCC_GPIOC_CLK_ENABLE' [-Wimplicit-function-declaration]
  198 |   __HAL_RCC_GPIOC_CLK_ENABLE();
      |   ^~~~~~~~~~~~~~~~~~~~~~~~~~
../Core/Src/main.c:199:3: warning: implicit declaration of function '__HAL_RCC_GPIOF_CLK_ENABLE' [-Wimplicit-function-declaration]
  199 |   __HAL_RCC_GPIOF_CLK_ENABLE();
      |   ^~~~~~~~~~~~~~~~~~~~~~~~~~
../Core/Src/main.c:200:3: warning: implicit declaration of function '__HAL_RCC_GPIOA_CLK_ENABLE' [-Wimplicit-function-declaration]
  200 |   __HAL_RCC_GPIOA_CLK_ENABLE();
      |   ^~~~~~~~~~~~~~~~~~~~~~~~~~
../Core/Src/main.c:203:3: warning: implicit declaration of function 'HAL_GPIO_WritePin'; did you mean 'LL_GPIO_WriteReg'? [-Wimplicit-function-declaration]
  203 |   HAL_GPIO_WritePin(LD2_GPIO_Port, LD2_Pin, GPIO_PIN_RESET);
      |   ^~~~~~~~~~~~~~~~~
      |   LL_GPIO_WriteReg
../Core/Src/main.c:203:45: error: 'GPIO_PIN_RESET' undeclared (first use in this function)
  203 |   HAL_GPIO_WritePin(LD2_GPIO_Port, LD2_Pin, GPIO_PIN_RESET);
      |                                             ^~~~~~~~~~~~~~
../Core/Src/main.c:206:18: error: request for member 'Pin' in something not a structure or union
  206 |   GPIO_InitStruct.Pin = B1_Pin;
      |                  ^
../Core/Src/main.c:207:18: error: request for member 'Mode' in something not a structure or union
  207 |   GPIO_InitStruct.Mode = GPIO_MODE_IT_FALLING;
      |                  ^
../Core/Src/main.c:207:26: error: 'GPIO_MODE_IT_FALLING' undeclared (first use in this function)
  207 |   GPIO_InitStruct.Mode = GPIO_MODE_IT_FALLING;
      |                          ^~~~~~~~~~~~~~~~~~~~
../Core/Src/main.c:208:18: error: request for member 'Pull' in something not a structure or union
  208 |   GPIO_InitStruct.Pull = GPIO_NOPULL;
      |                  ^
../Core/Src/main.c:208:26: error: 'GPIO_NOPULL' undeclared (first use in this function)
  208 |   GPIO_InitStruct.Pull = GPIO_NOPULL;
      |                          ^~~~~~~~~~~
../Core/Src/main.c:209:3: warning: implicit declaration of function 'HAL_GPIO_Init'; did you mean 'LL_GPIO_Init'? [-Wimplicit-function-declaration]
  209 |   HAL_GPIO_Init(B1_GPIO_Port, &GPIO_InitStruct);
      |   ^~~~~~~~~~~~~
      |   LL_GPIO_Init
../Core/Src/main.c:212:18: error: request for member 'Pin' in something not a structure or union
  212 |   GPIO_InitStruct.Pin = LD2_Pin;
      |                  ^
../Core/Src/main.c:213:18: error: request for member 'Mode' in something not a structure or union
  213 |   GPIO_InitStruct.Mode = GPIO_MODE_OUTPUT_PP;
      |                  ^
../Core/Src/main.c:213:26: error: 'GPIO_MODE_OUTPUT_PP' undeclared (first use in this function); did you mean 'LL_GPIO_MODE_OUTPUT'?
  213 |   GPIO_InitStruct.Mode = GPIO_MODE_OUTPUT_PP;
      |                          ^~~~~~~~~~~~~~~~~~~
      |                          LL_GPIO_MODE_OUTPUT
../Core/Src/main.c:214:18: error: request for member 'Pull' in something not a structure or union
  214 |   GPIO_InitStruct.Pull = GPIO_NOPULL;
      |                  ^
../Core/Src/main.c:215:18: error: request for member 'Speed' in something not a structure or union
  215 |   GPIO_InitStruct.Speed = GPIO_SPEED_FREQ_LOW;
      |                  ^
../Core/Src/main.c:215:27: error: 'GPIO_SPEED_FREQ_LOW' undeclared (first use in this function); did you mean 'LL_GPIO_SPEED_FREQ_LOW'?
  215 |   GPIO_InitStruct.Speed = GPIO_SPEED_FREQ_LOW;
      |                           ^~~~~~~~~~~~~~~~~~~
      |                           LL_GPIO_SPEED_FREQ_LOW
make: *** [Core/Src/subdir.mk:31: Core/Src/main.o] Error 1
"make -j4 all" terminated with exit code 2. Build might be incomplete.
16:16:23 **** Incremental Build of configuration Debug for project CVIK1 ****
make -j4 all 
arm-none-eabi-gcc "../Core/Src/main.c" -mcpu=cortex-m0 -std=gnu11 -g3 -DDEBUG -DSTM32F030x8 -DUSE_FULL_LL_DRIVER -DHSE_VALUE=8000000 -DHSE_STARTUP_TIMEOUT=100 -DLSE_STARTUP_TIMEOUT=5000 -DLSE_VALUE=32768 -DHSI_VALUE=8000000 -DLSI_VALUE=40000 -DVDD_VALUE=3300 -DPREFETCH_ENABLE=1 -DINSTRUCTION_CACHE_ENABLE=0 -DDATA_CACHE_ENABLE=0 -c -I../Core/Inc -I../Drivers/STM32F0xx_HAL_Driver/Inc -I../Drivers/CMSIS/Device/ST/STM32F0xx/Include -I../Drivers/CMSIS/Include -O0 -ffunction-sections -fdata-sections -Wall -fstack-usage -fcyclomatic-complexity -MMD -MP -MF"Core/Src/main.d" -MT"Core/Src/main.o" --specs=nano.specs -mfloat-abi=soft -mthumb -o "Core/Src/main.o"
../Core/Src/main.c:45:1: error: unknown type name 'UART_HandleTypeDef'
   45 | UART_HandleTypeDef huart2;
      | ^~~~~~~~~~~~~~~~~~
../Core/Src/main.c: In function 'main':
../Core/Src/main.c:81:3: warning: implicit declaration of function 'HAL_Init' [-Wimplicit-function-declaration]
   81 |   HAL_Init();
      |   ^~~~~~~~
../Core/Src/main.c: In function 'SystemClock_Config':
../Core/Src/main.c:118:3: error: unknown type name 'RCC_OscInitTypeDef'
  118 |   RCC_OscInitTypeDef RCC_OscInitStruct = {0};
      |   ^~~~~~~~~~~~~~~~~~
../Core/Src/main.c:119:3: error: unknown type name 'RCC_ClkInitTypeDef'
  119 |   RCC_ClkInitTypeDef RCC_ClkInitStruct = {0};
      |   ^~~~~~~~~~~~~~~~~~
../Core/Src/main.c:124:20: error: request for member 'OscillatorType' in something not a structure or union
  124 |   RCC_OscInitStruct.OscillatorType = RCC_OSCILLATORTYPE_HSI;
      |                    ^
../Core/Src/main.c:124:38: error: 'RCC_OSCILLATORTYPE_HSI' undeclared (first use in this function)
  124 |   RCC_OscInitStruct.OscillatorType = RCC_OSCILLATORTYPE_HSI;
      |                                      ^~~~~~~~~~~~~~~~~~~~~~
../Core/Src/main.c:124:38: note: each undeclared identifier is reported only once for each function it appears in
../Core/Src/main.c:125:20: error: request for member 'HSIState' in something not a structure or union
  125 |   RCC_OscInitStruct.HSIState = RCC_HSI_ON;
      |                    ^
../Core/Src/main.c:125:32: error: 'RCC_HSI_ON' undeclared (first use in this function)
  125 |   RCC_OscInitStruct.HSIState = RCC_HSI_ON;
      |                                ^~~~~~~~~~
../Core/Src/main.c:126:20: error: request for member 'HSICalibrationValue' in something not a structure or union
  126 |   RCC_OscInitStruct.HSICalibrationValue = RCC_HSICALIBRATION_DEFAULT;
      |                    ^
../Core/Src/main.c:126:43: error: 'RCC_HSICALIBRATION_DEFAULT' undeclared (first use in this function)
  126 |   RCC_OscInitStruct.HSICalibrationValue = RCC_HSICALIBRATION_DEFAULT;
      |                                           ^~~~~~~~~~~~~~~~~~~~~~~~~~
../Core/Src/main.c:127:20: error: request for member 'PLL' in something not a structure or union
  127 |   RCC_OscInitStruct.PLL.PLLState = RCC_PLL_ON;
      |                    ^
../Core/Src/main.c:127:36: error: 'RCC_PLL_ON' undeclared (first use in this function); did you mean 'RCC_CR_PLLON'?
  127 |   RCC_OscInitStruct.PLL.PLLState = RCC_PLL_ON;
      |                                    ^~~~~~~~~~
      |                                    RCC_CR_PLLON
../Core/Src/main.c:128:20: error: request for member 'PLL' in something not a structure or union
  128 |   RCC_OscInitStruct.PLL.PLLSource = RCC_PLLSOURCE_HSI;
      |                    ^
../Core/Src/main.c:128:37: error: 'RCC_PLLSOURCE_HSI' undeclared (first use in this function); did you mean 'LL_RCC_PLLSOURCE_HSE'?
  128 |   RCC_OscInitStruct.PLL.PLLSource = RCC_PLLSOURCE_HSI;
      |                                     ^~~~~~~~~~~~~~~~~
      |                                     LL_RCC_PLLSOURCE_HSE
../Core/Src/main.c:129:20: error: request for member 'PLL' in something not a structure or union
  129 |   RCC_OscInitStruct.PLL.PLLMUL = RCC_PLL_MUL12;
      |                    ^
../Core/Src/main.c:129:34: error: 'RCC_PLL_MUL12' undeclared (first use in this function); did you mean 'LL_RCC_PLL_MUL_2'?
  129 |   RCC_OscInitStruct.PLL.PLLMUL = RCC_PLL_MUL12;
      |                                  ^~~~~~~~~~~~~
      |                                  LL_RCC_PLL_MUL_2
../Core/Src/main.c:130:20: error: request for member 'PLL' in something not a structure or union
  130 |   RCC_OscInitStruct.PLL.PREDIV = RCC_PREDIV_DIV1;
      |                    ^
../Core/Src/main.c:130:34: error: 'RCC_PREDIV_DIV1' undeclared (first use in this function); did you mean 'LL_RCC_PREDIV_DIV_1'?
  130 |   RCC_OscInitStruct.PLL.PREDIV = RCC_PREDIV_DIV1;
      |                                  ^~~~~~~~~~~~~~~
      |                                  LL_RCC_PREDIV_DIV_1
../Core/Src/main.c:131:7: warning: implicit declaration of function 'HAL_RCC_OscConfig' [-Wimplicit-function-declaration]
  131 |   if (HAL_RCC_OscConfig(&RCC_OscInitStruct) != HAL_OK)
      |       ^~~~~~~~~~~~~~~~~
../Core/Src/main.c:131:48: error: 'HAL_OK' undeclared (first use in this function)
  131 |   if (HAL_RCC_OscConfig(&RCC_OscInitStruct) != HAL_OK)
      |                                                ^~~~~~
../Core/Src/main.c:138:20: error: request for member 'ClockType' in something not a structure or union
  138 |   RCC_ClkInitStruct.ClockType = RCC_CLOCKTYPE_HCLK|RCC_CLOCKTYPE_SYSCLK
      |                    ^
../Core/Src/main.c:138:33: error: 'RCC_CLOCKTYPE_HCLK' undeclared (first use in this function)
  138 |   RCC_ClkInitStruct.ClockType = RCC_CLOCKTYPE_HCLK|RCC_CLOCKTYPE_SYSCLK
      |                                 ^~~~~~~~~~~~~~~~~~
../Core/Src/main.c:138:52: error: 'RCC_CLOCKTYPE_SYSCLK' undeclared (first use in this function)
  138 |   RCC_ClkInitStruct.ClockType = RCC_CLOCKTYPE_HCLK|RCC_CLOCKTYPE_SYSCLK
      |                                                    ^~~~~~~~~~~~~~~~~~~~
../Core/Src/main.c:139:32: error: 'RCC_CLOCKTYPE_PCLK1' undeclared (first use in this function)
  139 |                               |RCC_CLOCKTYPE_PCLK1;
      |                                ^~~~~~~~~~~~~~~~~~~
../Core/Src/main.c:140:20: error: request for member 'SYSCLKSource' in something not a structure or union
  140 |   RCC_ClkInitStruct.SYSCLKSource = RCC_SYSCLKSOURCE_PLLCLK;
      |                    ^
../Core/Src/main.c:140:36: error: 'RCC_SYSCLKSOURCE_PLLCLK' undeclared (first use in this function); did you mean 'LL_RCC_SYS_CLKSOURCE_PLL'?
  140 |   RCC_ClkInitStruct.SYSCLKSource = RCC_SYSCLKSOURCE_PLLCLK;
      |                                    ^~~~~~~~~~~~~~~~~~~~~~~
      |                                    LL_RCC_SYS_CLKSOURCE_PLL
../Core/Src/main.c:141:20: error: request for member 'AHBCLKDivider' in something not a structure or union
  141 |   RCC_ClkInitStruct.AHBCLKDivider = RCC_SYSCLK_DIV1;
      |                    ^
../Core/Src/main.c:141:37: error: 'RCC_SYSCLK_DIV1' undeclared (first use in this function); did you mean 'LL_RCC_SYSCLK_DIV_1'?
  141 |   RCC_ClkInitStruct.AHBCLKDivider = RCC_SYSCLK_DIV1;
      |                                     ^~~~~~~~~~~~~~~
      |                                     LL_RCC_SYSCLK_DIV_1
../Core/Src/main.c:142:20: error: request for member 'APB1CLKDivider' in something not a structure or union
  142 |   RCC_ClkInitStruct.APB1CLKDivider = RCC_HCLK_DIV1;
      |                    ^
../Core/Src/main.c:142:38: error: 'RCC_HCLK_DIV1' undeclared (first use in this function)
  142 |   RCC_ClkInitStruct.APB1CLKDivider = RCC_HCLK_DIV1;
      |                                      ^~~~~~~~~~~~~
../Core/Src/main.c:144:7: warning: implicit declaration of function 'HAL_RCC_ClockConfig' [-Wimplicit-function-declaration]
  144 |   if (HAL_RCC_ClockConfig(&RCC_ClkInitStruct, FLASH_LATENCY_1) != HAL_OK)
      |       ^~~~~~~~~~~~~~~~~~~
../Core/Src/main.c:144:47: error: 'FLASH_LATENCY_1' undeclared (first use in this function); did you mean 'LL_FLASH_LATENCY_1'?
  144 |   if (HAL_RCC_ClockConfig(&RCC_ClkInitStruct, FLASH_LATENCY_1) != HAL_OK)
      |                                               ^~~~~~~~~~~~~~~
      |                                               LL_FLASH_LATENCY_1
../Core/Src/main.c: In function 'MX_USART2_UART_Init':
../Core/Src/main.c:165:9: error: request for member 'Instance' in something not a structure or union
  165 |   huart2.Instance = USART2;
      |         ^
../Core/Src/main.c:166:9: error: request for member 'Init' in something not a structure or union
  166 |   huart2.Init.BaudRate = 38400;
      |         ^
../Core/Src/main.c:167:9: error: request for member 'Init' in something not a structure or union
  167 |   huart2.Init.WordLength = UART_WORDLENGTH_8B;
      |         ^
../Core/Src/main.c:167:28: error: 'UART_WORDLENGTH_8B' undeclared (first use in this function)
  167 |   huart2.Init.WordLength = UART_WORDLENGTH_8B;
      |                            ^~~~~~~~~~~~~~~~~~
../Core/Src/main.c:168:9: error: request for member 'Init' in something not a structure or union
  168 |   huart2.Init.StopBits = UART_STOPBITS_1;
      |         ^
../Core/Src/main.c:168:26: error: 'UART_STOPBITS_1' undeclared (first use in this function); did you mean 'LL_USART_STOPBITS_1'?
  168 |   huart2.Init.StopBits = UART_STOPBITS_1;
      |                          ^~~~~~~~~~~~~~~
      |                          LL_USART_STOPBITS_1
../Core/Src/main.c:169:9: error: request for member 'Init' in something not a structure or union
  169 |   huart2.Init.Parity = UART_PARITY_NONE;
      |         ^
../Core/Src/main.c:169:24: error: 'UART_PARITY_NONE' undeclared (first use in this function); did you mean 'LL_USART_PARITY_NONE'?
  169 |   huart2.Init.Parity = UART_PARITY_NONE;
      |                        ^~~~~~~~~~~~~~~~
      |                        LL_USART_PARITY_NONE
../Core/Src/main.c:170:9: error: request for member 'Init' in something not a structure or union
  170 |   huart2.Init.Mode = UART_MODE_TX_RX;
      |         ^
../Core/Src/main.c:170:22: error: 'UART_MODE_TX_RX' undeclared (first use in this function)
  170 |   huart2.Init.Mode = UART_MODE_TX_RX;
      |                      ^~~~~~~~~~~~~~~
../Core/Src/main.c:171:9: error: request for member 'Init' in something not a structure or union
  171 |   huart2.Init.HwFlowCtl = UART_HWCONTROL_NONE;
      |         ^
../Core/Src/main.c:171:27: error: 'UART_HWCONTROL_NONE' undeclared (first use in this function); did you mean 'LL_USART_HWCONTROL_NONE'?
  171 |   huart2.Init.HwFlowCtl = UART_HWCONTROL_NONE;
      |                           ^~~~~~~~~~~~~~~~~~~
      |                           LL_USART_HWCONTROL_NONE
../Core/Src/main.c:172:9: error: request for member 'Init' in something not a structure or union
  172 |   huart2.Init.OverSampling = UART_OVERSAMPLING_16;
      |         ^
../Core/Src/main.c:172:30: error: 'UART_OVERSAMPLING_16' undeclared (first use in this function); did you mean 'LL_USART_OVERSAMPLING_16'?
  172 |   huart2.Init.OverSampling = UART_OVERSAMPLING_16;
      |                              ^~~~~~~~~~~~~~~~~~~~
      |                              LL_USART_OVERSAMPLING_16
../Core/Src/main.c:173:9: error: request for member 'Init' in something not a structure or union
  173 |   huart2.Init.OneBitSampling = UART_ONE_BIT_SAMPLE_DISABLE;
      |         ^
../Core/Src/main.c:173:32: error: 'UART_ONE_BIT_SAMPLE_DISABLE' undeclared (first use in this function)
  173 |   huart2.Init.OneBitSampling = UART_ONE_BIT_SAMPLE_DISABLE;
      |                                ^~~~~~~~~~~~~~~~~~~~~~~~~~~
../Core/Src/main.c:174:9: error: request for member 'AdvancedInit' in something not a structure or union
  174 |   huart2.AdvancedInit.AdvFeatureInit = UART_ADVFEATURE_NO_INIT;
      |         ^
../Core/Src/main.c:174:40: error: 'UART_ADVFEATURE_NO_INIT' undeclared (first use in this function)
  174 |   huart2.AdvancedInit.AdvFeatureInit = UART_ADVFEATURE_NO_INIT;
      |                                        ^~~~~~~~~~~~~~~~~~~~~~~
../Core/Src/main.c:175:7: warning: implicit declaration of function 'HAL_UART_Init'; did you mean 'LL_USART_Init'? [-Wimplicit-function-declaration]
  175 |   if (HAL_UART_Init(&huart2) != HAL_OK)
      |       ^~~~~~~~~~~~~
      |       LL_USART_Init
../Core/Src/main.c:175:33: error: 'HAL_OK' undeclared (first use in this function)
  175 |   if (HAL_UART_Init(&huart2) != HAL_OK)
      |                                 ^~~~~~
../Core/Src/main.c: In function 'MX_GPIO_Init':
../Core/Src/main.c:192:3: error: unknown type name 'GPIO_InitTypeDef'; did you mean 'LL_GPIO_InitTypeDef'?
  192 |   GPIO_InitTypeDef GPIO_InitStruct = {0};
      |   ^~~~~~~~~~~~~~~~
      |   LL_GPIO_InitTypeDef
../Core/Src/main.c:197:3: warning: implicit declaration of function '__HAL_RCC_GPIOC_CLK_ENABLE' [-Wimplicit-function-declaration]
  197 |   __HAL_RCC_GPIOC_CLK_ENABLE();
      |   ^~~~~~~~~~~~~~~~~~~~~~~~~~
../Core/Src/main.c:198:3: warning: implicit declaration of function '__HAL_RCC_GPIOF_CLK_ENABLE' [-Wimplicit-function-declaration]
  198 |   __HAL_RCC_GPIOF_CLK_ENABLE();
      |   ^~~~~~~~~~~~~~~~~~~~~~~~~~
../Core/Src/main.c:199:3: warning: implicit declaration of function '__HAL_RCC_GPIOA_CLK_ENABLE' [-Wimplicit-function-declaration]
  199 |   __HAL_RCC_GPIOA_CLK_ENABLE();
      |   ^~~~~~~~~~~~~~~~~~~~~~~~~~
../Core/Src/main.c:202:3: warning: implicit declaration of function 'HAL_GPIO_WritePin'; did you mean 'LL_GPIO_WriteReg'? [-Wimplicit-function-declaration]
  202 |   HAL_GPIO_WritePin(LD2_GPIO_Port, LD2_Pin, GPIO_PIN_RESET);
      |   ^~~~~~~~~~~~~~~~~
      |   LL_GPIO_WriteReg
../Core/Src/main.c:202:45: error: 'GPIO_PIN_RESET' undeclared (first use in this function)
  202 |   HAL_GPIO_WritePin(LD2_GPIO_Port, LD2_Pin, GPIO_PIN_RESET);
      |                                             ^~~~~~~~~~~~~~
../Core/Src/main.c:205:18: error: request for member 'Pin' in something not a structure or union
  205 |   GPIO_InitStruct.Pin = B1_Pin;
      |                  ^
../Core/Src/main.c:206:18: error: request for member 'Mode' in something not a structure or union
  206 |   GPIO_InitStruct.Mode = GPIO_MODE_IT_FALLING;
      |                  ^
../Core/Src/main.c:206:26: error: 'GPIO_MODE_IT_FALLING' undeclared (first use in this function)
  206 |   GPIO_InitStruct.Mode = GPIO_MODE_IT_FALLING;
      |                          ^~~~~~~~~~~~~~~~~~~~
../Core/Src/main.c:207:18: error: request for member 'Pull' in something not a structure or union
  207 |   GPIO_InitStruct.Pull = GPIO_NOPULL;
      |                  ^
../Core/Src/main.c:207:26: error: 'GPIO_NOPULL' undeclared (first use in this function)
  207 |   GPIO_InitStruct.Pull = GPIO_NOPULL;
      |                          ^~~~~~~~~~~
../Core/Src/main.c:208:3: warning: implicit declaration of function 'HAL_GPIO_Init'; did you mean 'LL_GPIO_Init'? [-Wimplicit-function-declaration]
  208 |   HAL_GPIO_Init(B1_GPIO_Port, &GPIO_InitStruct);
      |   ^~~~~~~~~~~~~
      |   LL_GPIO_Init
../Core/Src/main.c:211:18: error: request for member 'Pin' in something not a structure or union
  211 |   GPIO_InitStruct.Pin = LD2_Pin;
      |                  ^
../Core/Src/main.c:212:18: error: request for member 'Mode' in something not a structure or union
  212 |   GPIO_InitStruct.Mode = GPIO_MODE_OUTPUT_PP;
      |                  ^
../Core/Src/main.c:212:26: error: 'GPIO_MODE_OUTPUT_PP' undeclared (first use in this function); did you mean 'LL_GPIO_MODE_OUTPUT'?
  212 |   GPIO_InitStruct.Mode = GPIO_MODE_OUTPUT_PP;
      |                          ^~~~~~~~~~~~~~~~~~~
      |                          LL_GPIO_MODE_OUTPUT
../Core/Src/main.c:213:18: error: request for member 'Pull' in something not a structure or union
  213 |   GPIO_InitStruct.Pull = GPIO_NOPULL;
      |                  ^
../Core/Src/main.c:214:18: error: request for member 'Speed' in something not a structure or union
  214 |   GPIO_InitStruct.Speed = GPIO_SPEED_FREQ_LOW;
      |                  ^
../Core/Src/main.c:214:27: error: 'GPIO_SPEED_FREQ_LOW' undeclared (first use in this function); did you mean 'LL_GPIO_SPEED_FREQ_LOW'?
  214 |   GPIO_InitStruct.Speed = GPIO_SPEED_FREQ_LOW;
      |                           ^~~~~~~~~~~~~~~~~~~
      |                           LL_GPIO_SPEED_FREQ_LOW
make: *** [Core/Src/subdir.mk:31: Core/Src/main.o] Error 1
"make -j4 all" terminated with exit code 2. Build might be incomplete.
16:18:37 **** Incremental Build of configuration Debug for project CVIK1 ****
make -j4 all 
arm-none-eabi-gcc "../Core/Src/main.c" -mcpu=cortex-m0 -std=gnu11 -g3 -DDEBUG -DSTM32F030x8 -DUSE_FULL_LL_DRIVER -DHSE_VALUE=8000000 -DHSE_STARTUP_TIMEOUT=100 -DLSE_STARTUP_TIMEOUT=5000 -DLSE_VALUE=32768 -DHSI_VALUE=8000000 -DLSI_VALUE=40000 -DVDD_VALUE=3300 -DPREFETCH_ENABLE=1 -DINSTRUCTION_CACHE_ENABLE=0 -DDATA_CACHE_ENABLE=0 -c -I../Core/Inc -I../Drivers/STM32F0xx_HAL_Driver/Inc -I../Drivers/CMSIS/Device/ST/STM32F0xx/Include -I../Drivers/CMSIS/Include -O0 -ffunction-sections -fdata-sections -Wall -fstack-usage -fcyclomatic-complexity -MMD -MP -MF"Core/Src/main.d" -MT"Core/Src/main.o" --specs=nano.specs -mfloat-abi=soft -mthumb -o "Core/Src/main.o"
arm-none-eabi-gcc -o "CVIK1.elf" @"objects.list"   -mcpu=cortex-m0 -T"C:\Temp\somsak\MKS\MKS\CVIK1\STM32F030R8TX_FLASH.ld" --specs=nosys.specs -Wl,-Map="CVIK1.map" -Wl,--gc-sections -static --specs=nano.specs -mfloat-abi=soft -mthumb -Wl,--start-group -lc -lm -Wl,--end-group
Finished building target: CVIK1.elf
 
arm-none-eabi-size   CVIK1.elf 
arm-none-eabi-objdump -h -S  CVIK1.elf  > "CVIK1.list"
   text	   data	    bss	    dec	    hex	filename
    636	     12	   1564	   2212	    8a4	CVIK1.elf
Finished building: default.size.stdout
 
Finished building: CVIK1.list
 
16:18:43 **** Incremental Build of configuration Debug for project CVIK1 ****
make -j4 all 
arm-none-eabi-size   CVIK1.elf 
   text	   data	    bss	    dec	    hex	filename
    636	     12	   1564	   2212	    8a4	CVIK1.elf
Finished building: default.size.stdout
 
16:20:00 **** Incremental Build of configuration Debug for project CVIK1 ****
make -j4 all 
arm-none-eabi-gcc "../Core/Src/main.c" -mcpu=cortex-m0 -std=gnu11 -g3 -DDEBUG -DSTM32F030x8 -DUSE_FULL_LL_DRIVER -DHSE_VALUE=8000000 -DHSE_STARTUP_TIMEOUT=100 -DLSE_STARTUP_TIMEOUT=5000 -DLSE_VALUE=32768 -DHSI_VALUE=8000000 -DLSI_VALUE=40000 -DVDD_VALUE=3300 -DPREFETCH_ENABLE=1 -DINSTRUCTION_CACHE_ENABLE=0 -DDATA_CACHE_ENABLE=0 -c -I../Core/Inc -I../Drivers/STM32F0xx_HAL_Driver/Inc -I../Drivers/CMSIS/Device/ST/STM32F0xx/Include -I../Drivers/CMSIS/Include -O0 -ffunction-sections -fdata-sections -Wall -fstack-usage -fcyclomatic-complexity -MMD -MP -MF"Core/Src/main.d" -MT"Core/Src/main.o" --specs=nano.specs -mfloat-abi=soft -mthumb -o "Core/Src/main.o"
../Core/Src/main.c:45:1: error: unknown type name 'UART_HandleTypeDef'
   45 | UART_HandleTypeDef huart2;
      | ^~~~~~~~~~~~~~~~~~
../Core/Src/main.c: In function 'main':
../Core/Src/main.c:81:3: warning: implicit declaration of function 'HAL_Init' [-Wimplicit-function-declaration]
   81 |   HAL_Init();
      |   ^~~~~~~~
../Core/Src/main.c:106:11: warning: implicit declaration of function 'mDelay'; did you mean 'LL_mDelay'? [-Wimplicit-function-declaration]
  106 |           mDelay(200);
      |           ^~~~~~
      |           LL_mDelay
../Core/Src/main.c: In function 'SystemClock_Config':
../Core/Src/main.c:123:3: error: unknown type name 'RCC_OscInitTypeDef'
  123 |   RCC_OscInitTypeDef RCC_OscInitStruct = {0};
      |   ^~~~~~~~~~~~~~~~~~
../Core/Src/main.c:124:3: error: unknown type name 'RCC_ClkInitTypeDef'
  124 |   RCC_ClkInitTypeDef RCC_ClkInitStruct = {0};
      |   ^~~~~~~~~~~~~~~~~~
../Core/Src/main.c:129:20: error: request for member 'OscillatorType' in something not a structure or union
  129 |   RCC_OscInitStruct.OscillatorType = RCC_OSCILLATORTYPE_HSI;
      |                    ^
../Core/Src/main.c:129:38: error: 'RCC_OSCILLATORTYPE_HSI' undeclared (first use in this function)
  129 |   RCC_OscInitStruct.OscillatorType = RCC_OSCILLATORTYPE_HSI;
      |                                      ^~~~~~~~~~~~~~~~~~~~~~
../Core/Src/main.c:129:38: note: each undeclared identifier is reported only once for each function it appears in
../Core/Src/main.c:130:20: error: request for member 'HSIState' in something not a structure or union
  130 |   RCC_OscInitStruct.HSIState = RCC_HSI_ON;
      |                    ^
../Core/Src/main.c:130:32: error: 'RCC_HSI_ON' undeclared (first use in this function)
  130 |   RCC_OscInitStruct.HSIState = RCC_HSI_ON;
      |                                ^~~~~~~~~~
../Core/Src/main.c:131:20: error: request for member 'HSICalibrationValue' in something not a structure or union
  131 |   RCC_OscInitStruct.HSICalibrationValue = RCC_HSICALIBRATION_DEFAULT;
      |                    ^
../Core/Src/main.c:131:43: error: 'RCC_HSICALIBRATION_DEFAULT' undeclared (first use in this function)
  131 |   RCC_OscInitStruct.HSICalibrationValue = RCC_HSICALIBRATION_DEFAULT;
      |                                           ^~~~~~~~~~~~~~~~~~~~~~~~~~
../Core/Src/main.c:132:20: error: request for member 'PLL' in something not a structure or union
  132 |   RCC_OscInitStruct.PLL.PLLState = RCC_PLL_ON;
      |                    ^
../Core/Src/main.c:132:36: error: 'RCC_PLL_ON' undeclared (first use in this function); did you mean 'RCC_CR_PLLON'?
  132 |   RCC_OscInitStruct.PLL.PLLState = RCC_PLL_ON;
      |                                    ^~~~~~~~~~
      |                                    RCC_CR_PLLON
../Core/Src/main.c:133:20: error: request for member 'PLL' in something not a structure or union
  133 |   RCC_OscInitStruct.PLL.PLLSource = RCC_PLLSOURCE_HSI;
      |                    ^
../Core/Src/main.c:133:37: error: 'RCC_PLLSOURCE_HSI' undeclared (first use in this function); did you mean 'LL_RCC_PLLSOURCE_HSE'?
  133 |   RCC_OscInitStruct.PLL.PLLSource = RCC_PLLSOURCE_HSI;
      |                                     ^~~~~~~~~~~~~~~~~
      |                                     LL_RCC_PLLSOURCE_HSE
../Core/Src/main.c:134:20: error: request for member 'PLL' in something not a structure or union
  134 |   RCC_OscInitStruct.PLL.PLLMUL = RCC_PLL_MUL12;
      |                    ^
../Core/Src/main.c:134:34: error: 'RCC_PLL_MUL12' undeclared (first use in this function); did you mean 'LL_RCC_PLL_MUL_2'?
  134 |   RCC_OscInitStruct.PLL.PLLMUL = RCC_PLL_MUL12;
      |                                  ^~~~~~~~~~~~~
      |                                  LL_RCC_PLL_MUL_2
../Core/Src/main.c:135:20: error: request for member 'PLL' in something not a structure or union
  135 |   RCC_OscInitStruct.PLL.PREDIV = RCC_PREDIV_DIV1;
      |                    ^
../Core/Src/main.c:135:34: error: 'RCC_PREDIV_DIV1' undeclared (first use in this function); did you mean 'LL_RCC_PREDIV_DIV_1'?
  135 |   RCC_OscInitStruct.PLL.PREDIV = RCC_PREDIV_DIV1;
      |                                  ^~~~~~~~~~~~~~~
      |                                  LL_RCC_PREDIV_DIV_1
../Core/Src/main.c:136:7: warning: implicit declaration of function 'HAL_RCC_OscConfig' [-Wimplicit-function-declaration]
  136 |   if (HAL_RCC_OscConfig(&RCC_OscInitStruct) != HAL_OK)
      |       ^~~~~~~~~~~~~~~~~
../Core/Src/main.c:136:48: error: 'HAL_OK' undeclared (first use in this function)
  136 |   if (HAL_RCC_OscConfig(&RCC_OscInitStruct) != HAL_OK)
      |                                                ^~~~~~
../Core/Src/main.c:143:20: error: request for member 'ClockType' in something not a structure or union
  143 |   RCC_ClkInitStruct.ClockType = RCC_CLOCKTYPE_HCLK|RCC_CLOCKTYPE_SYSCLK
      |                    ^
../Core/Src/main.c:143:33: error: 'RCC_CLOCKTYPE_HCLK' undeclared (first use in this function)
  143 |   RCC_ClkInitStruct.ClockType = RCC_CLOCKTYPE_HCLK|RCC_CLOCKTYPE_SYSCLK
      |                                 ^~~~~~~~~~~~~~~~~~
../Core/Src/main.c:143:52: error: 'RCC_CLOCKTYPE_SYSCLK' undeclared (first use in this function)
  143 |   RCC_ClkInitStruct.ClockType = RCC_CLOCKTYPE_HCLK|RCC_CLOCKTYPE_SYSCLK
      |                                                    ^~~~~~~~~~~~~~~~~~~~
../Core/Src/main.c:144:32: error: 'RCC_CLOCKTYPE_PCLK1' undeclared (first use in this function)
  144 |                               |RCC_CLOCKTYPE_PCLK1;
      |                                ^~~~~~~~~~~~~~~~~~~
../Core/Src/main.c:145:20: error: request for member 'SYSCLKSource' in something not a structure or union
  145 |   RCC_ClkInitStruct.SYSCLKSource = RCC_SYSCLKSOURCE_PLLCLK;
      |                    ^
../Core/Src/main.c:145:36: error: 'RCC_SYSCLKSOURCE_PLLCLK' undeclared (first use in this function); did you mean 'LL_RCC_SYS_CLKSOURCE_PLL'?
  145 |   RCC_ClkInitStruct.SYSCLKSource = RCC_SYSCLKSOURCE_PLLCLK;
      |                                    ^~~~~~~~~~~~~~~~~~~~~~~
      |                                    LL_RCC_SYS_CLKSOURCE_PLL
../Core/Src/main.c:146:20: error: request for member 'AHBCLKDivider' in something not a structure or union
  146 |   RCC_ClkInitStruct.AHBCLKDivider = RCC_SYSCLK_DIV1;
      |                    ^
../Core/Src/main.c:146:37: error: 'RCC_SYSCLK_DIV1' undeclared (first use in this function); did you mean 'LL_RCC_SYSCLK_DIV_1'?
  146 |   RCC_ClkInitStruct.AHBCLKDivider = RCC_SYSCLK_DIV1;
      |                                     ^~~~~~~~~~~~~~~
      |                                     LL_RCC_SYSCLK_DIV_1
../Core/Src/main.c:147:20: error: request for member 'APB1CLKDivider' in something not a structure or union
  147 |   RCC_ClkInitStruct.APB1CLKDivider = RCC_HCLK_DIV1;
      |                    ^
../Core/Src/main.c:147:38: error: 'RCC_HCLK_DIV1' undeclared (first use in this function)
  147 |   RCC_ClkInitStruct.APB1CLKDivider = RCC_HCLK_DIV1;
      |                                      ^~~~~~~~~~~~~
../Core/Src/main.c:149:7: warning: implicit declaration of function 'HAL_RCC_ClockConfig' [-Wimplicit-function-declaration]
  149 |   if (HAL_RCC_ClockConfig(&RCC_ClkInitStruct, FLASH_LATENCY_1) != HAL_OK)
      |       ^~~~~~~~~~~~~~~~~~~
../Core/Src/main.c:149:47: error: 'FLASH_LATENCY_1' undeclared (first use in this function); did you mean 'LL_FLASH_LATENCY_1'?
  149 |   if (HAL_RCC_ClockConfig(&RCC_ClkInitStruct, FLASH_LATENCY_1) != HAL_OK)
      |                                               ^~~~~~~~~~~~~~~
      |                                               LL_FLASH_LATENCY_1
../Core/Src/main.c: In function 'MX_USART2_UART_Init':
../Core/Src/main.c:170:9: error: request for member 'Instance' in something not a structure or union
  170 |   huart2.Instance = USART2;
      |         ^
../Core/Src/main.c:171:9: error: request for member 'Init' in something not a structure or union
  171 |   huart2.Init.BaudRate = 38400;
      |         ^
../Core/Src/main.c:172:9: error: request for member 'Init' in something not a structure or union
  172 |   huart2.Init.WordLength = UART_WORDLENGTH_8B;
      |         ^
../Core/Src/main.c:172:28: error: 'UART_WORDLENGTH_8B' undeclared (first use in this function)
  172 |   huart2.Init.WordLength = UART_WORDLENGTH_8B;
      |                            ^~~~~~~~~~~~~~~~~~
../Core/Src/main.c:173:9: error: request for member 'Init' in something not a structure or union
  173 |   huart2.Init.StopBits = UART_STOPBITS_1;
      |         ^
../Core/Src/main.c:173:26: error: 'UART_STOPBITS_1' undeclared (first use in this function); did you mean 'LL_USART_STOPBITS_1'?
  173 |   huart2.Init.StopBits = UART_STOPBITS_1;
      |                          ^~~~~~~~~~~~~~~
      |                          LL_USART_STOPBITS_1
../Core/Src/main.c:174:9: error: request for member 'Init' in something not a structure or union
  174 |   huart2.Init.Parity = UART_PARITY_NONE;
      |         ^
../Core/Src/main.c:174:24: error: 'UART_PARITY_NONE' undeclared (first use in this function); did you mean 'LL_USART_PARITY_NONE'?
  174 |   huart2.Init.Parity = UART_PARITY_NONE;
      |                        ^~~~~~~~~~~~~~~~
      |                        LL_USART_PARITY_NONE
../Core/Src/main.c:175:9: error: request for member 'Init' in something not a structure or union
  175 |   huart2.Init.Mode = UART_MODE_TX_RX;
      |         ^
../Core/Src/main.c:175:22: error: 'UART_MODE_TX_RX' undeclared (first use in this function)
  175 |   huart2.Init.Mode = UART_MODE_TX_RX;
      |                      ^~~~~~~~~~~~~~~
../Core/Src/main.c:176:9: error: request for member 'Init' in something not a structure or union
  176 |   huart2.Init.HwFlowCtl = UART_HWCONTROL_NONE;
      |         ^
../Core/Src/main.c:176:27: error: 'UART_HWCONTROL_NONE' undeclared (first use in this function); did you mean 'LL_USART_HWCONTROL_NONE'?
  176 |   huart2.Init.HwFlowCtl = UART_HWCONTROL_NONE;
      |                           ^~~~~~~~~~~~~~~~~~~
      |                           LL_USART_HWCONTROL_NONE
../Core/Src/main.c:177:9: error: request for member 'Init' in something not a structure or union
  177 |   huart2.Init.OverSampling = UART_OVERSAMPLING_16;
      |         ^
../Core/Src/main.c:177:30: error: 'UART_OVERSAMPLING_16' undeclared (first use in this function); did you mean 'LL_USART_OVERSAMPLING_16'?
  177 |   huart2.Init.OverSampling = UART_OVERSAMPLING_16;
      |                              ^~~~~~~~~~~~~~~~~~~~
      |                              LL_USART_OVERSAMPLING_16
../Core/Src/main.c:178:9: error: request for member 'Init' in something not a structure or union
  178 |   huart2.Init.OneBitSampling = UART_ONE_BIT_SAMPLE_DISABLE;
      |         ^
../Core/Src/main.c:178:32: error: 'UART_ONE_BIT_SAMPLE_DISABLE' undeclared (first use in this function)
  178 |   huart2.Init.OneBitSampling = UART_ONE_BIT_SAMPLE_DISABLE;
      |                                ^~~~~~~~~~~~~~~~~~~~~~~~~~~
../Core/Src/main.c:179:9: error: request for member 'AdvancedInit' in something not a structure or union
  179 |   huart2.AdvancedInit.AdvFeatureInit = UART_ADVFEATURE_NO_INIT;
      |         ^
../Core/Src/main.c:179:40: error: 'UART_ADVFEATURE_NO_INIT' undeclared (first use in this function)
  179 |   huart2.AdvancedInit.AdvFeatureInit = UART_ADVFEATURE_NO_INIT;
      |                                        ^~~~~~~~~~~~~~~~~~~~~~~
../Core/Src/main.c:180:7: warning: implicit declaration of function 'HAL_UART_Init'; did you mean 'LL_USART_Init'? [-Wimplicit-function-declaration]
  180 |   if (HAL_UART_Init(&huart2) != HAL_OK)
      |       ^~~~~~~~~~~~~
      |       LL_USART_Init
../Core/Src/main.c:180:33: error: 'HAL_OK' undeclared (first use in this function)
  180 |   if (HAL_UART_Init(&huart2) != HAL_OK)
      |                                 ^~~~~~
../Core/Src/main.c: In function 'MX_GPIO_Init':
../Core/Src/main.c:197:3: error: unknown type name 'GPIO_InitTypeDef'; did you mean 'LL_GPIO_InitTypeDef'?
  197 |   GPIO_InitTypeDef GPIO_InitStruct = {0};
      |   ^~~~~~~~~~~~~~~~
      |   LL_GPIO_InitTypeDef
../Core/Src/main.c:202:3: warning: implicit declaration of function '__HAL_RCC_GPIOC_CLK_ENABLE' [-Wimplicit-function-declaration]
  202 |   __HAL_RCC_GPIOC_CLK_ENABLE();
      |   ^~~~~~~~~~~~~~~~~~~~~~~~~~
../Core/Src/main.c:203:3: warning: implicit declaration of function '__HAL_RCC_GPIOF_CLK_ENABLE' [-Wimplicit-function-declaration]
  203 |   __HAL_RCC_GPIOF_CLK_ENABLE();
      |   ^~~~~~~~~~~~~~~~~~~~~~~~~~
../Core/Src/main.c:204:3: warning: implicit declaration of function '__HAL_RCC_GPIOA_CLK_ENABLE' [-Wimplicit-function-declaration]
  204 |   __HAL_RCC_GPIOA_CLK_ENABLE();
      |   ^~~~~~~~~~~~~~~~~~~~~~~~~~
../Core/Src/main.c:207:3: warning: implicit declaration of function 'HAL_GPIO_WritePin'; did you mean 'LL_GPIO_WriteReg'? [-Wimplicit-function-declaration]
  207 |   HAL_GPIO_WritePin(LD2_GPIO_Port, LD2_Pin, GPIO_PIN_RESET);
      |   ^~~~~~~~~~~~~~~~~
      |   LL_GPIO_WriteReg
../Core/Src/main.c:207:45: error: 'GPIO_PIN_RESET' undeclared (first use in this function)
  207 |   HAL_GPIO_WritePin(LD2_GPIO_Port, LD2_Pin, GPIO_PIN_RESET);
      |                                             ^~~~~~~~~~~~~~
../Core/Src/main.c:210:18: error: request for member 'Pin' in something not a structure or union
  210 |   GPIO_InitStruct.Pin = B1_Pin;
      |                  ^
../Core/Src/main.c:211:18: error: request for member 'Mode' in something not a structure or union
  211 |   GPIO_InitStruct.Mode = GPIO_MODE_IT_FALLING;
      |                  ^
../Core/Src/main.c:211:26: error: 'GPIO_MODE_IT_FALLING' undeclared (first use in this function)
  211 |   GPIO_InitStruct.Mode = GPIO_MODE_IT_FALLING;
      |                          ^~~~~~~~~~~~~~~~~~~~
../Core/Src/main.c:212:18: error: request for member 'Pull' in something not a structure or union
  212 |   GPIO_InitStruct.Pull = GPIO_NOPULL;
      |                  ^
../Core/Src/main.c:212:26: error: 'GPIO_NOPULL' undeclared (first use in this function)
  212 |   GPIO_InitStruct.Pull = GPIO_NOPULL;
      |                          ^~~~~~~~~~~
../Core/Src/main.c:213:3: warning: implicit declaration of function 'HAL_GPIO_Init'; did you mean 'LL_GPIO_Init'? [-Wimplicit-function-declaration]
  213 |   HAL_GPIO_Init(B1_GPIO_Port, &GPIO_InitStruct);
      |   ^~~~~~~~~~~~~
      |   LL_GPIO_Init
../Core/Src/main.c:216:18: error: request for member 'Pin' in something not a structure or union
  216 |   GPIO_InitStruct.Pin = LD2_Pin;
      |                  ^
../Core/Src/main.c:217:18: error: request for member 'Mode' in something not a structure or union
  217 |   GPIO_InitStruct.Mode = GPIO_MODE_OUTPUT_PP;
      |                  ^
../Core/Src/main.c:217:26: error: 'GPIO_MODE_OUTPUT_PP' undeclared (first use in this function); did you mean 'LL_GPIO_MODE_OUTPUT'?
  217 |   GPIO_InitStruct.Mode = GPIO_MODE_OUTPUT_PP;
      |                          ^~~~~~~~~~~~~~~~~~~
      |                          LL_GPIO_MODE_OUTPUT
../Core/Src/main.c:218:18: error: request for member 'Pull' in something not a structure or union
  218 |   GPIO_InitStruct.Pull = GPIO_NOPULL;
      |                  ^
../Core/Src/main.c:219:18: error: request for member 'Speed' in something not a structure or union
  219 |   GPIO_InitStruct.Speed = GPIO_SPEED_FREQ_LOW;
      |                  ^
../Core/Src/main.c:219:27: error: 'GPIO_SPEED_FREQ_LOW' undeclared (first use in this function); did you mean 'LL_GPIO_SPEED_FREQ_LOW'?
  219 |   GPIO_InitStruct.Speed = GPIO_SPEED_FREQ_LOW;
      |                           ^~~~~~~~~~~~~~~~~~~
      |                           LL_GPIO_SPEED_FREQ_LOW
make: *** [Core/Src/subdir.mk:31: Core/Src/main.o] Error 1
"make -j4 all" terminated with exit code 2. Build might be incomplete.
16:20:43 **** Incremental Build of configuration Debug for project CVIK1 ****
make -j4 all 
arm-none-eabi-gcc "../Core/Src/main.c" -mcpu=cortex-m0 -std=gnu11 -g3 -DDEBUG -DSTM32F030x8 -DUSE_FULL_LL_DRIVER -DHSE_VALUE=8000000 -DHSE_STARTUP_TIMEOUT=100 -DLSE_STARTUP_TIMEOUT=5000 -DLSE_VALUE=32768 -DHSI_VALUE=8000000 -DLSI_VALUE=40000 -DVDD_VALUE=3300 -DPREFETCH_ENABLE=1 -DINSTRUCTION_CACHE_ENABLE=0 -DDATA_CACHE_ENABLE=0 -c -I../Core/Inc -I../Drivers/STM32F0xx_HAL_Driver/Inc -I../Drivers/CMSIS/Device/ST/STM32F0xx/Include -I../Drivers/CMSIS/Include -O0 -ffunction-sections -fdata-sections -Wall -fstack-usage -fcyclomatic-complexity -MMD -MP -MF"Core/Src/main.d" -MT"Core/Src/main.o" --specs=nano.specs -mfloat-abi=soft -mthumb -o "Core/Src/main.o"
../Core/Src/main.c:45:1: error: unknown type name 'UART_HandleTypeDef'
   45 | UART_HandleTypeDef huart2;
      | ^~~~~~~~~~~~~~~~~~
../Core/Src/main.c: In function 'main':
../Core/Src/main.c:81:3: warning: implicit declaration of function 'HAL_Init' [-Wimplicit-function-declaration]
   81 |   HAL_Init();
      |   ^~~~~~~~
../Core/Src/main.c:106:11: warning: implicit declaration of function 'mDelay'; did you mean 'LL_mDelay'? [-Wimplicit-function-declaration]
  106 |           mDelay(200);
      |           ^~~~~~
      |           LL_mDelay
../Core/Src/main.c: In function 'SystemClock_Config':
../Core/Src/main.c:123:3: error: unknown type name 'RCC_OscInitTypeDef'
  123 |   RCC_OscInitTypeDef RCC_OscInitStruct = {0};
      |   ^~~~~~~~~~~~~~~~~~
../Core/Src/main.c:124:3: error: unknown type name 'RCC_ClkInitTypeDef'
  124 |   RCC_ClkInitTypeDef RCC_ClkInitStruct = {0};
      |   ^~~~~~~~~~~~~~~~~~
../Core/Src/main.c:129:20: error: request for member 'OscillatorType' in something not a structure or union
  129 |   RCC_OscInitStruct.OscillatorType = RCC_OSCILLATORTYPE_HSI;
      |                    ^
../Core/Src/main.c:129:38: error: 'RCC_OSCILLATORTYPE_HSI' undeclared (first use in this function)
  129 |   RCC_OscInitStruct.OscillatorType = RCC_OSCILLATORTYPE_HSI;
      |                                      ^~~~~~~~~~~~~~~~~~~~~~
../Core/Src/main.c:129:38: note: each undeclared identifier is reported only once for each function it appears in
../Core/Src/main.c:130:20: error: request for member 'HSIState' in something not a structure or union
  130 |   RCC_OscInitStruct.HSIState = RCC_HSI_ON;
      |                    ^
../Core/Src/main.c:130:32: error: 'RCC_HSI_ON' undeclared (first use in this function)
  130 |   RCC_OscInitStruct.HSIState = RCC_HSI_ON;
      |                                ^~~~~~~~~~
../Core/Src/main.c:131:20: error: request for member 'HSICalibrationValue' in something not a structure or union
  131 |   RCC_OscInitStruct.HSICalibrationValue = RCC_HSICALIBRATION_DEFAULT;
      |                    ^
../Core/Src/main.c:131:43: error: 'RCC_HSICALIBRATION_DEFAULT' undeclared (first use in this function)
  131 |   RCC_OscInitStruct.HSICalibrationValue = RCC_HSICALIBRATION_DEFAULT;
      |                                           ^~~~~~~~~~~~~~~~~~~~~~~~~~
../Core/Src/main.c:132:20: error: request for member 'PLL' in something not a structure or union
  132 |   RCC_OscInitStruct.PLL.PLLState = RCC_PLL_ON;
      |                    ^
../Core/Src/main.c:132:36: error: 'RCC_PLL_ON' undeclared (first use in this function); did you mean 'RCC_CR_PLLON'?
  132 |   RCC_OscInitStruct.PLL.PLLState = RCC_PLL_ON;
      |                                    ^~~~~~~~~~
      |                                    RCC_CR_PLLON
../Core/Src/main.c:133:20: error: request for member 'PLL' in something not a structure or union
  133 |   RCC_OscInitStruct.PLL.PLLSource = RCC_PLLSOURCE_HSI;
      |                    ^
../Core/Src/main.c:133:37: error: 'RCC_PLLSOURCE_HSI' undeclared (first use in this function); did you mean 'LL_RCC_PLLSOURCE_HSE'?
  133 |   RCC_OscInitStruct.PLL.PLLSource = RCC_PLLSOURCE_HSI;
      |                                     ^~~~~~~~~~~~~~~~~
      |                                     LL_RCC_PLLSOURCE_HSE
../Core/Src/main.c:134:20: error: request for member 'PLL' in something not a structure or union
  134 |   RCC_OscInitStruct.PLL.PLLMUL = RCC_PLL_MUL12;
      |                    ^
../Core/Src/main.c:134:34: error: 'RCC_PLL_MUL12' undeclared (first use in this function); did you mean 'LL_RCC_PLL_MUL_2'?
  134 |   RCC_OscInitStruct.PLL.PLLMUL = RCC_PLL_MUL12;
      |                                  ^~~~~~~~~~~~~
      |                                  LL_RCC_PLL_MUL_2
../Core/Src/main.c:135:20: error: request for member 'PLL' in something not a structure or union
  135 |   RCC_OscInitStruct.PLL.PREDIV = RCC_PREDIV_DIV1;
      |                    ^
../Core/Src/main.c:135:34: error: 'RCC_PREDIV_DIV1' undeclared (first use in this function); did you mean 'LL_RCC_PREDIV_DIV_1'?
  135 |   RCC_OscInitStruct.PLL.PREDIV = RCC_PREDIV_DIV1;
      |                                  ^~~~~~~~~~~~~~~
      |                                  LL_RCC_PREDIV_DIV_1
../Core/Src/main.c:136:7: warning: implicit declaration of function 'HAL_RCC_OscConfig' [-Wimplicit-function-declaration]
  136 |   if (HAL_RCC_OscConfig(&RCC_OscInitStruct) != HAL_OK)
      |       ^~~~~~~~~~~~~~~~~
../Core/Src/main.c:136:48: error: 'HAL_OK' undeclared (first use in this function)
  136 |   if (HAL_RCC_OscConfig(&RCC_OscInitStruct) != HAL_OK)
      |                                                ^~~~~~
../Core/Src/main.c:143:20: error: request for member 'ClockType' in something not a structure or union
  143 |   RCC_ClkInitStruct.ClockType = RCC_CLOCKTYPE_HCLK|RCC_CLOCKTYPE_SYSCLK
      |                    ^
../Core/Src/main.c:143:33: error: 'RCC_CLOCKTYPE_HCLK' undeclared (first use in this function)
  143 |   RCC_ClkInitStruct.ClockType = RCC_CLOCKTYPE_HCLK|RCC_CLOCKTYPE_SYSCLK
      |                                 ^~~~~~~~~~~~~~~~~~
../Core/Src/main.c:143:52: error: 'RCC_CLOCKTYPE_SYSCLK' undeclared (first use in this function)
  143 |   RCC_ClkInitStruct.ClockType = RCC_CLOCKTYPE_HCLK|RCC_CLOCKTYPE_SYSCLK
      |                                                    ^~~~~~~~~~~~~~~~~~~~
../Core/Src/main.c:144:32: error: 'RCC_CLOCKTYPE_PCLK1' undeclared (first use in this function)
  144 |                               |RCC_CLOCKTYPE_PCLK1;
      |                                ^~~~~~~~~~~~~~~~~~~
../Core/Src/main.c:145:20: error: request for member 'SYSCLKSource' in something not a structure or union
  145 |   RCC_ClkInitStruct.SYSCLKSource = RCC_SYSCLKSOURCE_PLLCLK;
      |                    ^
../Core/Src/main.c:145:36: error: 'RCC_SYSCLKSOURCE_PLLCLK' undeclared (first use in this function); did you mean 'LL_RCC_SYS_CLKSOURCE_PLL'?
  145 |   RCC_ClkInitStruct.SYSCLKSource = RCC_SYSCLKSOURCE_PLLCLK;
      |                                    ^~~~~~~~~~~~~~~~~~~~~~~
      |                                    LL_RCC_SYS_CLKSOURCE_PLL
../Core/Src/main.c:146:20: error: request for member 'AHBCLKDivider' in something not a structure or union
  146 |   RCC_ClkInitStruct.AHBCLKDivider = RCC_SYSCLK_DIV1;
      |                    ^
../Core/Src/main.c:146:37: error: 'RCC_SYSCLK_DIV1' undeclared (first use in this function); did you mean 'LL_RCC_SYSCLK_DIV_1'?
  146 |   RCC_ClkInitStruct.AHBCLKDivider = RCC_SYSCLK_DIV1;
      |                                     ^~~~~~~~~~~~~~~
      |                                     LL_RCC_SYSCLK_DIV_1
../Core/Src/main.c:147:20: error: request for member 'APB1CLKDivider' in something not a structure or union
  147 |   RCC_ClkInitStruct.APB1CLKDivider = RCC_HCLK_DIV1;
      |                    ^
../Core/Src/main.c:147:38: error: 'RCC_HCLK_DIV1' undeclared (first use in this function)
  147 |   RCC_ClkInitStruct.APB1CLKDivider = RCC_HCLK_DIV1;
      |                                      ^~~~~~~~~~~~~
../Core/Src/main.c:149:7: warning: implicit declaration of function 'HAL_RCC_ClockConfig' [-Wimplicit-function-declaration]
  149 |   if (HAL_RCC_ClockConfig(&RCC_ClkInitStruct, FLASH_LATENCY_1) != HAL_OK)
      |       ^~~~~~~~~~~~~~~~~~~
../Core/Src/main.c:149:47: error: 'FLASH_LATENCY_1' undeclared (first use in this function); did you mean 'LL_FLASH_LATENCY_1'?
  149 |   if (HAL_RCC_ClockConfig(&RCC_ClkInitStruct, FLASH_LATENCY_1) != HAL_OK)
      |                                               ^~~~~~~~~~~~~~~
      |                                               LL_FLASH_LATENCY_1
../Core/Src/main.c: In function 'MX_USART2_UART_Init':
../Core/Src/main.c:170:9: error: request for member 'Instance' in something not a structure or union
  170 |   huart2.Instance = USART2;
      |         ^
../Core/Src/main.c:171:9: error: request for member 'Init' in something not a structure or union
  171 |   huart2.Init.BaudRate = 38400;
      |         ^
../Core/Src/main.c:172:9: error: request for member 'Init' in something not a structure or union
  172 |   huart2.Init.WordLength = UART_WORDLENGTH_8B;
      |         ^
../Core/Src/main.c:172:28: error: 'UART_WORDLENGTH_8B' undeclared (first use in this function)
  172 |   huart2.Init.WordLength = UART_WORDLENGTH_8B;
      |                            ^~~~~~~~~~~~~~~~~~
../Core/Src/main.c:173:9: error: request for member 'Init' in something not a structure or union
  173 |   huart2.Init.StopBits = UART_STOPBITS_1;
      |         ^
../Core/Src/main.c:173:26: error: 'UART_STOPBITS_1' undeclared (first use in this function); did you mean 'LL_USART_STOPBITS_1'?
  173 |   huart2.Init.StopBits = UART_STOPBITS_1;
      |                          ^~~~~~~~~~~~~~~
      |                          LL_USART_STOPBITS_1
../Core/Src/main.c:174:9: error: request for member 'Init' in something not a structure or union
  174 |   huart2.Init.Parity = UART_PARITY_NONE;
      |         ^
../Core/Src/main.c:174:24: error: 'UART_PARITY_NONE' undeclared (first use in this function); did you mean 'LL_USART_PARITY_NONE'?
  174 |   huart2.Init.Parity = UART_PARITY_NONE;
      |                        ^~~~~~~~~~~~~~~~
      |                        LL_USART_PARITY_NONE
../Core/Src/main.c:175:9: error: request for member 'Init' in something not a structure or union
  175 |   huart2.Init.Mode = UART_MODE_TX_RX;
      |         ^
../Core/Src/main.c:175:22: error: 'UART_MODE_TX_RX' undeclared (first use in this function)
  175 |   huart2.Init.Mode = UART_MODE_TX_RX;
      |                      ^~~~~~~~~~~~~~~
../Core/Src/main.c:176:9: error: request for member 'Init' in something not a structure or union
  176 |   huart2.Init.HwFlowCtl = UART_HWCONTROL_NONE;
      |         ^
../Core/Src/main.c:176:27: error: 'UART_HWCONTROL_NONE' undeclared (first use in this function); did you mean 'LL_USART_HWCONTROL_NONE'?
  176 |   huart2.Init.HwFlowCtl = UART_HWCONTROL_NONE;
      |                           ^~~~~~~~~~~~~~~~~~~
      |                           LL_USART_HWCONTROL_NONE
../Core/Src/main.c:177:9: error: request for member 'Init' in something not a structure or union
  177 |   huart2.Init.OverSampling = UART_OVERSAMPLING_16;
      |         ^
../Core/Src/main.c:177:30: error: 'UART_OVERSAMPLING_16' undeclared (first use in this function); did you mean 'LL_USART_OVERSAMPLING_16'?
  177 |   huart2.Init.OverSampling = UART_OVERSAMPLING_16;
      |                              ^~~~~~~~~~~~~~~~~~~~
      |                              LL_USART_OVERSAMPLING_16
../Core/Src/main.c:178:9: error: request for member 'Init' in something not a structure or union
  178 |   huart2.Init.OneBitSampling = UART_ONE_BIT_SAMPLE_DISABLE;
      |         ^
../Core/Src/main.c:178:32: error: 'UART_ONE_BIT_SAMPLE_DISABLE' undeclared (first use in this function)
  178 |   huart2.Init.OneBitSampling = UART_ONE_BIT_SAMPLE_DISABLE;
      |                                ^~~~~~~~~~~~~~~~~~~~~~~~~~~
../Core/Src/main.c:179:9: error: request for member 'AdvancedInit' in something not a structure or union
  179 |   huart2.AdvancedInit.AdvFeatureInit = UART_ADVFEATURE_NO_INIT;
      |         ^
../Core/Src/main.c:179:40: error: 'UART_ADVFEATURE_NO_INIT' undeclared (first use in this function)
  179 |   huart2.AdvancedInit.AdvFeatureInit = UART_ADVFEATURE_NO_INIT;
      |                                        ^~~~~~~~~~~~~~~~~~~~~~~
../Core/Src/main.c:180:7: warning: implicit declaration of function 'HAL_UART_Init'; did you mean 'LL_USART_Init'? [-Wimplicit-function-declaration]
  180 |   if (HAL_UART_Init(&huart2) != HAL_OK)
      |       ^~~~~~~~~~~~~
      |       LL_USART_Init
../Core/Src/main.c:180:33: error: 'HAL_OK' undeclared (first use in this function)
  180 |   if (HAL_UART_Init(&huart2) != HAL_OK)
      |                                 ^~~~~~
../Core/Src/main.c: In function 'MX_GPIO_Init':
../Core/Src/main.c:197:3: error: unknown type name 'GPIO_InitTypeDef'; did you mean 'LL_GPIO_InitTypeDef'?
  197 |   GPIO_InitTypeDef GPIO_InitStruct = {0};
      |   ^~~~~~~~~~~~~~~~
      |   LL_GPIO_InitTypeDef
../Core/Src/main.c:202:3: warning: implicit declaration of function '__HAL_RCC_GPIOC_CLK_ENABLE' [-Wimplicit-function-declaration]
  202 |   __HAL_RCC_GPIOC_CLK_ENABLE();
      |   ^~~~~~~~~~~~~~~~~~~~~~~~~~
../Core/Src/main.c:203:3: warning: implicit declaration of function '__HAL_RCC_GPIOF_CLK_ENABLE' [-Wimplicit-function-declaration]
  203 |   __HAL_RCC_GPIOF_CLK_ENABLE();
      |   ^~~~~~~~~~~~~~~~~~~~~~~~~~
../Core/Src/main.c:204:3: warning: implicit declaration of function '__HAL_RCC_GPIOA_CLK_ENABLE' [-Wimplicit-function-declaration]
  204 |   __HAL_RCC_GPIOA_CLK_ENABLE();
      |   ^~~~~~~~~~~~~~~~~~~~~~~~~~
../Core/Src/main.c:207:3: warning: implicit declaration of function 'HAL_GPIO_WritePin'; did you mean 'LL_GPIO_WriteReg'? [-Wimplicit-function-declaration]
  207 |   HAL_GPIO_WritePin(LD2_GPIO_Port, LD2_Pin, GPIO_PIN_RESET);
      |   ^~~~~~~~~~~~~~~~~
      |   LL_GPIO_WriteReg
../Core/Src/main.c:207:45: error: 'GPIO_PIN_RESET' undeclared (first use in this function)
  207 |   HAL_GPIO_WritePin(LD2_GPIO_Port, LD2_Pin, GPIO_PIN_RESET);
      |                                             ^~~~~~~~~~~~~~
../Core/Src/main.c:210:18: error: request for member 'Pin' in something not a structure or union
  210 |   GPIO_InitStruct.Pin = B1_Pin;
      |                  ^
../Core/Src/main.c:211:18: error: request for member 'Mode' in something not a structure or union
  211 |   GPIO_InitStruct.Mode = GPIO_MODE_IT_FALLING;
      |                  ^
../Core/Src/main.c:211:26: error: 'GPIO_MODE_IT_FALLING' undeclared (first use in this function)
  211 |   GPIO_InitStruct.Mode = GPIO_MODE_IT_FALLING;
      |                          ^~~~~~~~~~~~~~~~~~~~
../Core/Src/main.c:212:18: error: request for member 'Pull' in something not a structure or union
  212 |   GPIO_InitStruct.Pull = GPIO_NOPULL;
      |                  ^
../Core/Src/main.c:212:26: error: 'GPIO_NOPULL' undeclared (first use in this function)
  212 |   GPIO_InitStruct.Pull = GPIO_NOPULL;
      |                          ^~~~~~~~~~~
../Core/Src/main.c:213:3: warning: implicit declaration of function 'HAL_GPIO_Init'; did you mean 'LL_GPIO_Init'? [-Wimplicit-function-declaration]
  213 |   HAL_GPIO_Init(B1_GPIO_Port, &GPIO_InitStruct);
      |   ^~~~~~~~~~~~~
      |   LL_GPIO_Init
../Core/Src/main.c:216:18: error: request for member 'Pin' in something not a structure or union
  216 |   GPIO_InitStruct.Pin = LD2_Pin;
      |                  ^
../Core/Src/main.c:217:18: error: request for member 'Mode' in something not a structure or union
  217 |   GPIO_InitStruct.Mode = GPIO_MODE_OUTPUT_PP;
      |                  ^
../Core/Src/main.c:217:26: error: 'GPIO_MODE_OUTPUT_PP' undeclared (first use in this function); did you mean 'LL_GPIO_MODE_OUTPUT'?
  217 |   GPIO_InitStruct.Mode = GPIO_MODE_OUTPUT_PP;
      |                          ^~~~~~~~~~~~~~~~~~~
      |                          LL_GPIO_MODE_OUTPUT
../Core/Src/main.c:218:18: error: request for member 'Pull' in something not a structure or union
  218 |   GPIO_InitStruct.Pull = GPIO_NOPULL;
      |                  ^
../Core/Src/main.c:219:18: error: request for member 'Speed' in something not a structure or union
  219 |   GPIO_InitStruct.Speed = GPIO_SPEED_FREQ_LOW;
      |                  ^
../Core/Src/main.c:219:27: error: 'GPIO_SPEED_FREQ_LOW' undeclared (first use in this function); did you mean 'LL_GPIO_SPEED_FREQ_LOW'?
  219 |   GPIO_InitStruct.Speed = GPIO_SPEED_FREQ_LOW;
      |                           ^~~~~~~~~~~~~~~~~~~
      |                           LL_GPIO_SPEED_FREQ_LOW
make: *** [Core/Src/subdir.mk:31: Core/Src/main.o] Error 1
"make -j4 all" terminated with exit code 2. Build might be incomplete.
16:23:24 **** Build of configuration Debug for project cv1 ****
make -j4 all 
arm-none-eabi-gcc "../Drivers/STM32F0xx_HAL_Driver/Src/stm32f0xx_ll_dma.c" -mcpu=cortex-m0 -std=gnu11 -g3 -DDEBUG -DSTM32F030x8 -DUSE_FULL_LL_DRIVER -DHSE_VALUE=8000000 -DHSE_STARTUP_TIMEOUT=100 -DLSE_STARTUP_TIMEOUT=5000 -DLSE_VALUE=32768 -DHSI_VALUE=8000000 -DLSI_VALUE=40000 -DVDD_VALUE=3300 -DPREFETCH_ENABLE=1 -DINSTRUCTION_CACHE_ENABLE=0 -DDATA_CACHE_ENABLE=0 -c -I../Core/Inc -I../Drivers/STM32F0xx_HAL_Driver/Inc -I../Drivers/CMSIS/Device/ST/STM32F0xx/Include -I../Drivers/CMSIS/Include -O0 -ffunction-sections -fdata-sections -Wall -fstack-usage -fcyclomatic-complexity -MMD -MP -MF"Drivers/STM32F0xx_HAL_Driver/Src/stm32f0xx_ll_dma.d" -MT"Drivers/STM32F0xx_HAL_Driver/Src/stm32f0xx_ll_dma.o" --specs=nano.specs -mfloat-abi=soft -mthumb -o "Drivers/STM32F0xx_HAL_Driver/Src/stm32f0xx_ll_dma.o"
arm-none-eabi-gcc "../Drivers/STM32F0xx_HAL_Driver/Src/stm32f0xx_ll_exti.c" -mcpu=cortex-m0 -std=gnu11 -g3 -DDEBUG -DSTM32F030x8 -DUSE_FULL_LL_DRIVER -DHSE_VALUE=8000000 -DHSE_STARTUP_TIMEOUT=100 -DLSE_STARTUP_TIMEOUT=5000 -DLSE_VALUE=32768 -DHSI_VALUE=8000000 -DLSI_VALUE=40000 -DVDD_VALUE=3300 -DPREFETCH_ENABLE=1 -DINSTRUCTION_CACHE_ENABLE=0 -DDATA_CACHE_ENABLE=0 -c -I../Core/Inc -I../Drivers/STM32F0xx_HAL_Driver/Inc -I../Drivers/CMSIS/Device/ST/STM32F0xx/Include -I../Drivers/CMSIS/Include -O0 -ffunction-sections -fdata-sections -Wall -fstack-usage -fcyclomatic-complexity -MMD -MP -MF"Drivers/STM32F0xx_HAL_Driver/Src/stm32f0xx_ll_exti.d" -MT"Drivers/STM32F0xx_HAL_Driver/Src/stm32f0xx_ll_exti.o" --specs=nano.specs -mfloat-abi=soft -mthumb -o "Drivers/STM32F0xx_HAL_Driver/Src/stm32f0xx_ll_exti.o"
arm-none-eabi-gcc "../Drivers/STM32F0xx_HAL_Driver/Src/stm32f0xx_ll_gpio.c" -mcpu=cortex-m0 -std=gnu11 -g3 -DDEBUG -DSTM32F030x8 -DUSE_FULL_LL_DRIVER -DHSE_VALUE=8000000 -DHSE_STARTUP_TIMEOUT=100 -DLSE_STARTUP_TIMEOUT=5000 -DLSE_VALUE=32768 -DHSI_VALUE=8000000 -DLSI_VALUE=40000 -DVDD_VALUE=3300 -DPREFETCH_ENABLE=1 -DINSTRUCTION_CACHE_ENABLE=0 -DDATA_CACHE_ENABLE=0 -c -I../Core/Inc -I../Drivers/STM32F0xx_HAL_Driver/Inc -I../Drivers/CMSIS/Device/ST/STM32F0xx/Include -I../Drivers/CMSIS/Include -O0 -ffunction-sections -fdata-sections -Wall -fstack-usage -fcyclomatic-complexity -MMD -MP -MF"Drivers/STM32F0xx_HAL_Driver/Src/stm32f0xx_ll_gpio.d" -MT"Drivers/STM32F0xx_HAL_Driver/Src/stm32f0xx_ll_gpio.o" --specs=nano.specs -mfloat-abi=soft -mthumb -o "Drivers/STM32F0xx_HAL_Driver/Src/stm32f0xx_ll_gpio.o"
arm-none-eabi-gcc "../Drivers/STM32F0xx_HAL_Driver/Src/stm32f0xx_ll_pwr.c" -mcpu=cortex-m0 -std=gnu11 -g3 -DDEBUG -DSTM32F030x8 -DUSE_FULL_LL_DRIVER -DHSE_VALUE=8000000 -DHSE_STARTUP_TIMEOUT=100 -DLSE_STARTUP_TIMEOUT=5000 -DLSE_VALUE=32768 -DHSI_VALUE=8000000 -DLSI_VALUE=40000 -DVDD_VALUE=3300 -DPREFETCH_ENABLE=1 -DINSTRUCTION_CACHE_ENABLE=0 -DDATA_CACHE_ENABLE=0 -c -I../Core/Inc -I../Drivers/STM32F0xx_HAL_Driver/Inc -I../Drivers/CMSIS/Device/ST/STM32F0xx/Include -I../Drivers/CMSIS/Include -O0 -ffunction-sections -fdata-sections -Wall -fstack-usage -fcyclomatic-complexity -MMD -MP -MF"Drivers/STM32F0xx_HAL_Driver/Src/stm32f0xx_ll_pwr.d" -MT"Drivers/STM32F0xx_HAL_Driver/Src/stm32f0xx_ll_pwr.o" --specs=nano.specs -mfloat-abi=soft -mthumb -o "Drivers/STM32F0xx_HAL_Driver/Src/stm32f0xx_ll_pwr.o"
arm-none-eabi-gcc "../Drivers/STM32F0xx_HAL_Driver/Src/stm32f0xx_ll_rcc.c" -mcpu=cortex-m0 -std=gnu11 -g3 -DDEBUG -DSTM32F030x8 -DUSE_FULL_LL_DRIVER -DHSE_VALUE=8000000 -DHSE_STARTUP_TIMEOUT=100 -DLSE_STARTUP_TIMEOUT=5000 -DLSE_VALUE=32768 -DHSI_VALUE=8000000 -DLSI_VALUE=40000 -DVDD_VALUE=3300 -DPREFETCH_ENABLE=1 -DINSTRUCTION_CACHE_ENABLE=0 -DDATA_CACHE_ENABLE=0 -c -I../Core/Inc -I../Drivers/STM32F0xx_HAL_Driver/Inc -I../Drivers/CMSIS/Device/ST/STM32F0xx/Include -I../Drivers/CMSIS/Include -O0 -ffunction-sections -fdata-sections -Wall -fstack-usage -fcyclomatic-complexity -MMD -MP -MF"Drivers/STM32F0xx_HAL_Driver/Src/stm32f0xx_ll_rcc.d" -MT"Drivers/STM32F0xx_HAL_Driver/Src/stm32f0xx_ll_rcc.o" --specs=nano.specs -mfloat-abi=soft -mthumb -o "Drivers/STM32F0xx_HAL_Driver/Src/stm32f0xx_ll_rcc.o"
arm-none-eabi-gcc "../Drivers/STM32F0xx_HAL_Driver/Src/stm32f0xx_ll_usart.c" -mcpu=cortex-m0 -std=gnu11 -g3 -DDEBUG -DSTM32F030x8 -DUSE_FULL_LL_DRIVER -DHSE_VALUE=8000000 -DHSE_STARTUP_TIMEOUT=100 -DLSE_STARTUP_TIMEOUT=5000 -DLSE_VALUE=32768 -DHSI_VALUE=8000000 -DLSI_VALUE=40000 -DVDD_VALUE=3300 -DPREFETCH_ENABLE=1 -DINSTRUCTION_CACHE_ENABLE=0 -DDATA_CACHE_ENABLE=0 -c -I../Core/Inc -I../Drivers/STM32F0xx_HAL_Driver/Inc -I../Drivers/CMSIS/Device/ST/STM32F0xx/Include -I../Drivers/CMSIS/Include -O0 -ffunction-sections -fdata-sections -Wall -fstack-usage -fcyclomatic-complexity -MMD -MP -MF"Drivers/STM32F0xx_HAL_Driver/Src/stm32f0xx_ll_usart.d" -MT"Drivers/STM32F0xx_HAL_Driver/Src/stm32f0xx_ll_usart.o" --specs=nano.specs -mfloat-abi=soft -mthumb -o "Drivers/STM32F0xx_HAL_Driver/Src/stm32f0xx_ll_usart.o"
arm-none-eabi-gcc "../Drivers/STM32F0xx_HAL_Driver/Src/stm32f0xx_ll_utils.c" -mcpu=cortex-m0 -std=gnu11 -g3 -DDEBUG -DSTM32F030x8 -DUSE_FULL_LL_DRIVER -DHSE_VALUE=8000000 -DHSE_STARTUP_TIMEOUT=100 -DLSE_STARTUP_TIMEOUT=5000 -DLSE_VALUE=32768 -DHSI_VALUE=8000000 -DLSI_VALUE=40000 -DVDD_VALUE=3300 -DPREFETCH_ENABLE=1 -DINSTRUCTION_CACHE_ENABLE=0 -DDATA_CACHE_ENABLE=0 -c -I../Core/Inc -I../Drivers/STM32F0xx_HAL_Driver/Inc -I../Drivers/CMSIS/Device/ST/STM32F0xx/Include -I../Drivers/CMSIS/Include -O0 -ffunction-sections -fdata-sections -Wall -fstack-usage -fcyclomatic-complexity -MMD -MP -MF"Drivers/STM32F0xx_HAL_Driver/Src/stm32f0xx_ll_utils.d" -MT"Drivers/STM32F0xx_HAL_Driver/Src/stm32f0xx_ll_utils.o" --specs=nano.specs -mfloat-abi=soft -mthumb -o "Drivers/STM32F0xx_HAL_Driver/Src/stm32f0xx_ll_utils.o"
arm-none-eabi-gcc -mcpu=cortex-m0 -g3 -DDEBUG -c -x assembler-with-cpp -MMD -MP -MF"Core/Startup/startup_stm32f030r8tx.d" -MT"Core/Startup/startup_stm32f030r8tx.o" --specs=nano.specs -mfloat-abi=soft -mthumb -o "Core/Startup/startup_stm32f030r8tx.o" "../Core/Startup/startup_stm32f030r8tx.s"
arm-none-eabi-gcc "../Core/Src/main.c" -mcpu=cortex-m0 -std=gnu11 -g3 -DDEBUG -DSTM32F030x8 -DUSE_FULL_LL_DRIVER -DHSE_VALUE=8000000 -DHSE_STARTUP_TIMEOUT=100 -DLSE_STARTUP_TIMEOUT=5000 -DLSE_VALUE=32768 -DHSI_VALUE=8000000 -DLSI_VALUE=40000 -DVDD_VALUE=3300 -DPREFETCH_ENABLE=1 -DINSTRUCTION_CACHE_ENABLE=0 -DDATA_CACHE_ENABLE=0 -c -I../Core/Inc -I../Drivers/STM32F0xx_HAL_Driver/Inc -I../Drivers/CMSIS/Device/ST/STM32F0xx/Include -I../Drivers/CMSIS/Include -O0 -ffunction-sections -fdata-sections -Wall -fstack-usage -fcyclomatic-complexity -MMD -MP -MF"Core/Src/main.d" -MT"Core/Src/main.o" --specs=nano.specs -mfloat-abi=soft -mthumb -o "Core/Src/main.o"
arm-none-eabi-gcc "../Core/Src/stm32f0xx_it.c" -mcpu=cortex-m0 -std=gnu11 -g3 -DDEBUG -DSTM32F030x8 -DUSE_FULL_LL_DRIVER -DHSE_VALUE=8000000 -DHSE_STARTUP_TIMEOUT=100 -DLSE_STARTUP_TIMEOUT=5000 -DLSE_VALUE=32768 -DHSI_VALUE=8000000 -DLSI_VALUE=40000 -DVDD_VALUE=3300 -DPREFETCH_ENABLE=1 -DINSTRUCTION_CACHE_ENABLE=0 -DDATA_CACHE_ENABLE=0 -c -I../Core/Inc -I../Drivers/STM32F0xx_HAL_Driver/Inc -I../Drivers/CMSIS/Device/ST/STM32F0xx/Include -I../Drivers/CMSIS/Include -O0 -ffunction-sections -fdata-sections -Wall -fstack-usage -fcyclomatic-complexity -MMD -MP -MF"Core/Src/stm32f0xx_it.d" -MT"Core/Src/stm32f0xx_it.o" --specs=nano.specs -mfloat-abi=soft -mthumb -o "Core/Src/stm32f0xx_it.o"
arm-none-eabi-gcc "../Core/Src/syscalls.c" -mcpu=cortex-m0 -std=gnu11 -g3 -DDEBUG -DSTM32F030x8 -DUSE_FULL_LL_DRIVER -DHSE_VALUE=8000000 -DHSE_STARTUP_TIMEOUT=100 -DLSE_STARTUP_TIMEOUT=5000 -DLSE_VALUE=32768 -DHSI_VALUE=8000000 -DLSI_VALUE=40000 -DVDD_VALUE=3300 -DPREFETCH_ENABLE=1 -DINSTRUCTION_CACHE_ENABLE=0 -DDATA_CACHE_ENABLE=0 -c -I../Core/Inc -I../Drivers/STM32F0xx_HAL_Driver/Inc -I../Drivers/CMSIS/Device/ST/STM32F0xx/Include -I../Drivers/CMSIS/Include -O0 -ffunction-sections -fdata-sections -Wall -fstack-usage -fcyclomatic-complexity -MMD -MP -MF"Core/Src/syscalls.d" -MT"Core/Src/syscalls.o" --specs=nano.specs -mfloat-abi=soft -mthumb -o "Core/Src/syscalls.o"
../Core/Src/main.c: In function 'main':
../Core/Src/main.c:100:19: warning: implicit declaration of function 'mDelay'; did you mean 'LL_mDelay'? [-Wimplicit-function-declaration]
  100 |                   mDelay(200);
      |                   ^~~~~~
      |                   LL_mDelay
arm-none-eabi-gcc "../Core/Src/sysmem.c" -mcpu=cortex-m0 -std=gnu11 -g3 -DDEBUG -DSTM32F030x8 -DUSE_FULL_LL_DRIVER -DHSE_VALUE=8000000 -DHSE_STARTUP_TIMEOUT=100 -DLSE_STARTUP_TIMEOUT=5000 -DLSE_VALUE=32768 -DHSI_VALUE=8000000 -DLSI_VALUE=40000 -DVDD_VALUE=3300 -DPREFETCH_ENABLE=1 -DINSTRUCTION_CACHE_ENABLE=0 -DDATA_CACHE_ENABLE=0 -c -I../Core/Inc -I../Drivers/STM32F0xx_HAL_Driver/Inc -I../Drivers/CMSIS/Device/ST/STM32F0xx/Include -I../Drivers/CMSIS/Include -O0 -ffunction-sections -fdata-sections -Wall -fstack-usage -fcyclomatic-complexity -MMD -MP -MF"Core/Src/sysmem.d" -MT"Core/Src/sysmem.o" --specs=nano.specs -mfloat-abi=soft -mthumb -o "Core/Src/sysmem.o"
arm-none-eabi-gcc "../Core/Src/system_stm32f0xx.c" -mcpu=cortex-m0 -std=gnu11 -g3 -DDEBUG -DSTM32F030x8 -DUSE_FULL_LL_DRIVER -DHSE_VALUE=8000000 -DHSE_STARTUP_TIMEOUT=100 -DLSE_STARTUP_TIMEOUT=5000 -DLSE_VALUE=32768 -DHSI_VALUE=8000000 -DLSI_VALUE=40000 -DVDD_VALUE=3300 -DPREFETCH_ENABLE=1 -DINSTRUCTION_CACHE_ENABLE=0 -DDATA_CACHE_ENABLE=0 -c -I../Core/Inc -I../Drivers/STM32F0xx_HAL_Driver/Inc -I../Drivers/CMSIS/Device/ST/STM32F0xx/Include -I../Drivers/CMSIS/Include -O0 -ffunction-sections -fdata-sections -Wall -fstack-usage -fcyclomatic-complexity -MMD -MP -MF"Core/Src/system_stm32f0xx.d" -MT"Core/Src/system_stm32f0xx.o" --specs=nano.specs -mfloat-abi=soft -mthumb -o "Core/Src/system_stm32f0xx.o"
arm-none-eabi-gcc -o "cv1.elf" @"objects.list"   -mcpu=cortex-m0 -T"C:\Temp\somsak\MKS\MKS\cv1\STM32F030R8TX_FLASH.ld" --specs=nosys.specs -Wl,-Map="cv1.map" -Wl,--gc-sections -static --specs=nano.specs -mfloat-abi=soft -mthumb -Wl,--start-group -lc -lm -Wl,--end-group
C:/appz/ST/STM32CubeIDE_1.10.1/STM32CubeIDE/plugins/com.st.stm32cube.ide.mcu.externaltools.gnu-tools-for-stm32.11.3.rel1.win32_1.1.0.202305231506/tools/bin/../lib/gcc/arm-none-eabi/11.3.1/../../../../arm-none-eabi/bin/ld.exe: ./Core/Src/main.o: in function `main':
C:/Temp/somsak/MKS/MKS/cv1/Debug/../Core/Src/main.c:100: undefined reference to `mDelay'
C:/appz/ST/STM32CubeIDE_1.10.1/STM32CubeIDE/plugins/com.st.stm32cube.ide.mcu.externaltools.gnu-tools-for-stm32.11.3.rel1.win32_1.1.0.202305231506/tools/bin/../lib/gcc/arm-none-eabi/11.3.1/../../../../arm-none-eabi/bin/ld.exe: C:/Temp/somsak/MKS/MKS/cv1/Debug/../Core/Src/main.c:102: undefined reference to `mDelay'
collect2.exe: error: ld returned 1 exit status
make: *** [makefile:64: cv1.elf] Error 1
"make -j4 all" terminated with exit code 2. Build might be incomplete.
16:23:55 **** Incremental Build of configuration Debug for project cv1 ****
make -j4 all 
arm-none-eabi-gcc "../Core/Src/main.c" -mcpu=cortex-m0 -std=gnu11 -g3 -DDEBUG -DSTM32F030x8 -DUSE_FULL_LL_DRIVER -DHSE_VALUE=8000000 -DHSE_STARTUP_TIMEOUT=100 -DLSE_STARTUP_TIMEOUT=5000 -DLSE_VALUE=32768 -DHSI_VALUE=8000000 -DLSI_VALUE=40000 -DVDD_VALUE=3300 -DPREFETCH_ENABLE=1 -DINSTRUCTION_CACHE_ENABLE=0 -DDATA_CACHE_ENABLE=0 -c -I../Core/Inc -I../Drivers/STM32F0xx_HAL_Driver/Inc -I../Drivers/CMSIS/Device/ST/STM32F0xx/Include -I../Drivers/CMSIS/Include -O0 -ffunction-sections -fdata-sections -Wall -fstack-usage -fcyclomatic-complexity -MMD -MP -MF"Core/Src/main.d" -MT"Core/Src/main.o" --specs=nano.specs -mfloat-abi=soft -mthumb -o "Core/Src/main.o"
arm-none-eabi-gcc -o "cv1.elf" @"objects.list"   -mcpu=cortex-m0 -T"C:\Temp\somsak\MKS\MKS\cv1\STM32F030R8TX_FLASH.ld" --specs=nosys.specs -Wl,-Map="cv1.map" -Wl,--gc-sections -static --specs=nano.specs -mfloat-abi=soft -mthumb -Wl,--start-group -lc -lm -Wl,--end-group
Finished building target: cv1.elf
 
arm-none-eabi-size   cv1.elf 
arm-none-eabi-objdump -h -S  cv1.elf  > "cv1.list"
   text	   data	    bss	    dec	    hex	filename
   4880	     12	   1564	   6456	   1938	cv1.elf
Finished building: default.size.stdout
 
Finished building: cv1.list
 
16:24:13 **** Incremental Build of configuration Debug for project cv1 ****
make -j4 all 
arm-none-eabi-size   cv1.elf 
   text	   data	    bss	    dec	    hex	filename
   4880	     12	   1564	   6456	   1938	cv1.elf
Finished building: default.size.stdout
 
16:25:00 **** Incremental Build of configuration Debug for project cv1 ****
make -j4 all 
arm-none-eabi-size   cv1.elf 
   text	   data	    bss	    dec	    hex	filename
   4880	     12	   1564	   6456	   1938	cv1.elf
Finished building: default.size.stdout
 
16:25:20 **** Incremental Build of configuration Debug for project cv1 ****
make -j4 all 
arm-none-eabi-size   cv1.elf 
   text	   data	    bss	    dec	    hex	filename
   4880	     12	   1564	   6456	   1938	cv1.elf
Finished building: default.size.stdout
 
16:25:35 **** Incremental Build of configuration Debug for project cv1 ****
make -j4 all 
arm-none-eabi-size   cv1.elf 
   text	   data	    bss	    dec	    hex	filename
   4880	     12	   1564	   6456	   1938	cv1.elf
Finished building: default.size.stdout
 
16:29:38 **** Incremental Build of configuration Debug for project cv1 ****
make -j4 all 
arm-none-eabi-gcc "../Core/Src/main.c" -mcpu=cortex-m0 -std=gnu11 -g3 -DDEBUG -DSTM32F030x8 -DUSE_FULL_LL_DRIVER -DHSE_VALUE=8000000 -DHSE_STARTUP_TIMEOUT=100 -DLSE_STARTUP_TIMEOUT=5000 -DLSE_VALUE=32768 -DHSI_VALUE=8000000 -DLSI_VALUE=40000 -DVDD_VALUE=3300 -DPREFETCH_ENABLE=1 -DINSTRUCTION_CACHE_ENABLE=0 -DDATA_CACHE_ENABLE=0 -c -I../Core/Inc -I../Drivers/STM32F0xx_HAL_Driver/Inc -I../Drivers/CMSIS/Device/ST/STM32F0xx/Include -I../Drivers/CMSIS/Include -O0 -ffunction-sections -fdata-sections -Wall -fstack-usage -fcyclomatic-complexity -MMD -MP -MF"Core/Src/main.d" -MT"Core/Src/main.o" --specs=nano.specs -mfloat-abi=soft -mthumb -o "Core/Src/main.o"
../Core/Src/main.c: In function 'main':
../Core/Src/main.c:165:13: error: invalid storage class for function 'MX_USART2_UART_Init'
  165 | static void MX_USART2_UART_Init(void)
      |             ^~~~~~~~~~~~~~~~~~~
../Core/Src/main.c:225:13: error: invalid storage class for function 'MX_GPIO_Init'
  225 | static void MX_GPIO_Init(void)
      |             ^~~~~~~~~~~~
../Core/Src/main.c:285:1: error: expected declaration or statement at end of input
  285 | }
      | ^
../Core/Src/main.c: At top level:
../Core/Src/main.c:50:13: warning: 'MX_GPIO_Init' used but never defined
   50 | static void MX_GPIO_Init(void);
      |             ^~~~~~~~~~~~
../Core/Src/main.c:51:13: warning: 'MX_USART2_UART_Init' used but never defined
   51 | static void MX_USART2_UART_Init(void);
      |             ^~~~~~~~~~~~~~~~~~~
../Core/Src/main.c:276:6: warning: 'Error_Handler' defined but not used [-Wunused-function]
  276 | void Error_Handler(void)
      |      ^~~~~~~~~~~~~
../Core/Src/main.c:225:13: warning: 'MX_GPIO_Init' defined but not used [-Wunused-function]
  225 | static void MX_GPIO_Init(void)
      |             ^~~~~~~~~~~~
../Core/Src/main.c:165:13: warning: 'MX_USART2_UART_Init' defined but not used [-Wunused-function]
  165 | static void MX_USART2_UART_Init(void)
      |             ^~~~~~~~~~~~~~~~~~~
../Core/Src/main.c:125:6: warning: 'SystemClock_Config' defined but not used [-Wunused-function]
  125 | void SystemClock_Config(void)
      |      ^~~~~~~~~~~~~~~~~~
make: *** [Core/Src/subdir.mk:31: Core/Src/main.o] Error 1
"make -j4 all" terminated with exit code 2. Build might be incomplete.
16:30:18 **** Incremental Build of configuration Debug for project cv1 ****
make -j4 all 
arm-none-eabi-gcc "../Core/Src/main.c" -mcpu=cortex-m0 -std=gnu11 -g3 -DDEBUG -DSTM32F030x8 -DUSE_FULL_LL_DRIVER -DHSE_VALUE=8000000 -DHSE_STARTUP_TIMEOUT=100 -DLSE_STARTUP_TIMEOUT=5000 -DLSE_VALUE=32768 -DHSI_VALUE=8000000 -DLSI_VALUE=40000 -DVDD_VALUE=3300 -DPREFETCH_ENABLE=1 -DINSTRUCTION_CACHE_ENABLE=0 -DDATA_CACHE_ENABLE=0 -c -I../Core/Inc -I../Drivers/STM32F0xx_HAL_Driver/Inc -I../Drivers/CMSIS/Device/ST/STM32F0xx/Include -I../Drivers/CMSIS/Include -O0 -ffunction-sections -fdata-sections -Wall -fstack-usage -fcyclomatic-complexity -MMD -MP -MF"Core/Src/main.d" -MT"Core/Src/main.o" --specs=nano.specs -mfloat-abi=soft -mthumb -o "Core/Src/main.o"
../Core/Src/main.c:51:13: warning: 'MX_USART2_UART_Init' used but never defined
   51 | static void MX_USART2_UART_Init(void);
      |             ^~~~~~~~~~~~~~~~~~~
../Core/Src/main.c:125:6: warning: 'SystemClock_Config' defined but not used [-Wunused-function]
  125 | void SystemClock_Config(void)
      |      ^~~~~~~~~~~~~~~~~~
arm-none-eabi-gcc -o "cv1.elf" @"objects.list"   -mcpu=cortex-m0 -T"C:\Temp\somsak\MKS\MKS\cv1\STM32F030R8TX_FLASH.ld" --specs=nosys.specs -Wl,-Map="cv1.map" -Wl,--gc-sections -static --specs=nano.specs -mfloat-abi=soft -mthumb -Wl,--start-group -lc -lm -Wl,--end-group
C:/appz/ST/STM32CubeIDE_1.10.1/STM32CubeIDE/plugins/com.st.stm32cube.ide.mcu.externaltools.gnu-tools-for-stm32.11.3.rel1.win32_1.1.0.202305231506/tools/bin/../lib/gcc/arm-none-eabi/11.3.1/../../../../arm-none-eabi/bin/ld.exe: ./Core/Src/main.o: in function `main':
C:/Temp/somsak/MKS/MKS/cv1/Debug/../Core/Src/main.c:82: undefined reference to `SystemClock_Config'
C:/appz/ST/STM32CubeIDE_1.10.1/STM32CubeIDE/plugins/com.st.stm32cube.ide.mcu.externaltools.gnu-tools-for-stm32.11.3.rel1.win32_1.1.0.202305231506/tools/bin/../lib/gcc/arm-none-eabi/11.3.1/../../../../arm-none-eabi/bin/ld.exe: C:/Temp/somsak/MKS/MKS/cv1/Debug/../Core/Src/main.c:90: undefined reference to `MX_USART2_UART_Init'
collect2.exe: error: ld returned 1 exit status
make: *** [makefile:64: cv1.elf] Error 1
"make -j4 all" terminated with exit code 2. Build might be incomplete.
16:30:34 **** Incremental Build of configuration Debug for project cv1 ****
make -j4 all 
arm-none-eabi-gcc "../Core/Src/main.c" -mcpu=cortex-m0 -std=gnu11 -g3 -DDEBUG -DSTM32F030x8 -DUSE_FULL_LL_DRIVER -DHSE_VALUE=8000000 -DHSE_STARTUP_TIMEOUT=100 -DLSE_STARTUP_TIMEOUT=5000 -DLSE_VALUE=32768 -DHSI_VALUE=8000000 -DLSI_VALUE=40000 -DVDD_VALUE=3300 -DPREFETCH_ENABLE=1 -DINSTRUCTION_CACHE_ENABLE=0 -DDATA_CACHE_ENABLE=0 -c -I../Core/Inc -I../Drivers/STM32F0xx_HAL_Driver/Inc -I../Drivers/CMSIS/Device/ST/STM32F0xx/Include -I../Drivers/CMSIS/Include -O0 -ffunction-sections -fdata-sections -Wall -fstack-usage -fcyclomatic-complexity -MMD -MP -MF"Core/Src/main.d" -MT"Core/Src/main.o" --specs=nano.specs -mfloat-abi=soft -mthumb -o "Core/Src/main.o"
../Core/Src/main.c:51:13: warning: 'MX_USART2_UART_Init' used but never defined
   51 | static void MX_USART2_UART_Init(void);
      |             ^~~~~~~~~~~~~~~~~~~
../Core/Src/main.c:125:6: warning: 'SystemClock_Config' defined but not used [-Wunused-function]
  125 | void SystemClock_Config(void)
      |      ^~~~~~~~~~~~~~~~~~
arm-none-eabi-gcc -o "cv1.elf" @"objects.list"   -mcpu=cortex-m0 -T"C:\Temp\somsak\MKS\MKS\cv1\STM32F030R8TX_FLASH.ld" --specs=nosys.specs -Wl,-Map="cv1.map" -Wl,--gc-sections -static --specs=nano.specs -mfloat-abi=soft -mthumb -Wl,--start-group -lc -lm -Wl,--end-group
C:/appz/ST/STM32CubeIDE_1.10.1/STM32CubeIDE/plugins/com.st.stm32cube.ide.mcu.externaltools.gnu-tools-for-stm32.11.3.rel1.win32_1.1.0.202305231506/tools/bin/../lib/gcc/arm-none-eabi/11.3.1/../../../../arm-none-eabi/bin/ld.exe: ./Core/Src/main.o: in function `main':
C:/Temp/somsak/MKS/MKS/cv1/Debug/../Core/Src/main.c:90: undefined reference to `MX_USART2_UART_Init'
collect2.exe: error: ld returned 1 exit status
make: *** [makefile:64: cv1.elf] Error 1
"make -j4 all" terminated with exit code 2. Build might be incomplete.
16:30:45 **** Incremental Build of configuration Debug for project cv1 ****
make -j4 all 
arm-none-eabi-gcc "../Core/Src/main.c" -mcpu=cortex-m0 -std=gnu11 -g3 -DDEBUG -DSTM32F030x8 -DUSE_FULL_LL_DRIVER -DHSE_VALUE=8000000 -DHSE_STARTUP_TIMEOUT=100 -DLSE_STARTUP_TIMEOUT=5000 -DLSE_VALUE=32768 -DHSI_VALUE=8000000 -DLSI_VALUE=40000 -DVDD_VALUE=3300 -DPREFETCH_ENABLE=1 -DINSTRUCTION_CACHE_ENABLE=0 -DDATA_CACHE_ENABLE=0 -c -I../Core/Inc -I../Drivers/STM32F0xx_HAL_Driver/Inc -I../Drivers/CMSIS/Device/ST/STM32F0xx/Include -I../Drivers/CMSIS/Include -O0 -ffunction-sections -fdata-sections -Wall -fstack-usage -fcyclomatic-complexity -MMD -MP -MF"Core/Src/main.d" -MT"Core/Src/main.o" --specs=nano.specs -mfloat-abi=soft -mthumb -o "Core/Src/main.o"
../Core/Src/main.c: In function 'main':
../Core/Src/main.c:165:13: error: invalid storage class for function 'MX_USART2_UART_Init'
  165 | static void MX_USART2_UART_Init(void)
      |             ^~~~~~~~~~~~~~~~~~~
../Core/Src/main.c:225:13: error: invalid storage class for function 'MX_GPIO_Init'
  225 | static void MX_GPIO_Init(void)
      |             ^~~~~~~~~~~~
../Core/Src/main.c:285:1: error: expected declaration or statement at end of input
  285 | }
      | ^
../Core/Src/main.c: At top level:
../Core/Src/main.c:50:13: warning: 'MX_GPIO_Init' used but never defined
   50 | static void MX_GPIO_Init(void);
      |             ^~~~~~~~~~~~
../Core/Src/main.c:51:13: warning: 'MX_USART2_UART_Init' used but never defined
   51 | static void MX_USART2_UART_Init(void);
      |             ^~~~~~~~~~~~~~~~~~~
../Core/Src/main.c:276:6: warning: 'Error_Handler' defined but not used [-Wunused-function]
  276 | void Error_Handler(void)
      |      ^~~~~~~~~~~~~
../Core/Src/main.c:225:13: warning: 'MX_GPIO_Init' defined but not used [-Wunused-function]
  225 | static void MX_GPIO_Init(void)
      |             ^~~~~~~~~~~~
../Core/Src/main.c:165:13: warning: 'MX_USART2_UART_Init' defined but not used [-Wunused-function]
  165 | static void MX_USART2_UART_Init(void)
      |             ^~~~~~~~~~~~~~~~~~~
../Core/Src/main.c:125:6: warning: 'SystemClock_Config' defined but not used [-Wunused-function]
  125 | void SystemClock_Config(void)
      |      ^~~~~~~~~~~~~~~~~~
make: *** [Core/Src/subdir.mk:31: Core/Src/main.o] Error 1
"make -j4 all" terminated with exit code 2. Build might be incomplete.
16:31:01 **** Incremental Build of configuration Debug for project cv1 ****
make -j4 all 
arm-none-eabi-gcc "../Core/Src/main.c" -mcpu=cortex-m0 -std=gnu11 -g3 -DDEBUG -DSTM32F030x8 -DUSE_FULL_LL_DRIVER -DHSE_VALUE=8000000 -DHSE_STARTUP_TIMEOUT=100 -DLSE_STARTUP_TIMEOUT=5000 -DLSE_VALUE=32768 -DHSI_VALUE=8000000 -DLSI_VALUE=40000 -DVDD_VALUE=3300 -DPREFETCH_ENABLE=1 -DINSTRUCTION_CACHE_ENABLE=0 -DDATA_CACHE_ENABLE=0 -c -I../Core/Inc -I../Drivers/STM32F0xx_HAL_Driver/Inc -I../Drivers/CMSIS/Device/ST/STM32F0xx/Include -I../Drivers/CMSIS/Include -O0 -ffunction-sections -fdata-sections -Wall -fstack-usage -fcyclomatic-complexity -MMD -MP -MF"Core/Src/main.d" -MT"Core/Src/main.o" --specs=nano.specs -mfloat-abi=soft -mthumb -o "Core/Src/main.o"
../Core/Src/main.c: In function 'main':
../Core/Src/main.c:98:12: warning: unused variable 'pole' [-Wunused-variable]
   98 |   uint32_t pole = 0b10101011101110111010101000000000;
      |            ^~~~
arm-none-eabi-gcc -o "cv1.elf" @"objects.list"   -mcpu=cortex-m0 -T"C:\Temp\somsak\MKS\MKS\cv1\STM32F030R8TX_FLASH.ld" --specs=nosys.specs -Wl,-Map="cv1.map" -Wl,--gc-sections -static --specs=nano.specs -mfloat-abi=soft -mthumb -Wl,--start-group -lc -lm -Wl,--end-group
Finished building target: cv1.elf
 
arm-none-eabi-size   cv1.elf 
arm-none-eabi-objdump -h -S  cv1.elf  > "cv1.list"
   text	   data	    bss	    dec	    hex	filename
   4888	     12	   1564	   6464	   1940	cv1.elf
Finished building: default.size.stdout
 
Finished building: cv1.list
 
16:33:11 **** Incremental Build of configuration Debug for project cv1 ****
make -j4 all 
arm-none-eabi-gcc "../Core/Src/main.c" -mcpu=cortex-m0 -std=gnu11 -g3 -DDEBUG -DSTM32F030x8 -DUSE_FULL_LL_DRIVER -DHSE_VALUE=8000000 -DHSE_STARTUP_TIMEOUT=100 -DLSE_STARTUP_TIMEOUT=5000 -DLSE_VALUE=32768 -DHSI_VALUE=8000000 -DLSI_VALUE=40000 -DVDD_VALUE=3300 -DPREFETCH_ENABLE=1 -DINSTRUCTION_CACHE_ENABLE=0 -DDATA_CACHE_ENABLE=0 -c -I../Core/Inc -I../Drivers/STM32F0xx_HAL_Driver/Inc -I../Drivers/CMSIS/Device/ST/STM32F0xx/Include -I../Drivers/CMSIS/Include -O0 -ffunction-sections -fdata-sections -Wall -fstack-usage -fcyclomatic-complexity -MMD -MP -MF"Core/Src/main.d" -MT"Core/Src/main.o" --specs=nano.specs -mfloat-abi=soft -mthumb -o "Core/Src/main.o"
../Core/Src/main.c: In function 'main':
../Core/Src/main.c:101:20: warning: unused variable 'sos' [-Wunused-variable]
  101 |           uint32_t sos = 0b10101011101110111010101000000000;
      |                    ^~~
arm-none-eabi-gcc -o "cv1.elf" @"objects.list"   -mcpu=cortex-m0 -T"C:\Temp\somsak\MKS\MKS\cv1\STM32F030R8TX_FLASH.ld" --specs=nosys.specs -Wl,-Map="cv1.map" -Wl,--gc-sections -static --specs=nano.specs -mfloat-abi=soft -mthumb -Wl,--start-group -lc -lm -Wl,--end-group
Finished building target: cv1.elf
 
arm-none-eabi-size   cv1.elf 
arm-none-eabi-objdump -h -S  cv1.elf  > "cv1.list"
   text	   data	    bss	    dec	    hex	filename
   4888	     12	   1564	   6464	   1940	cv1.elf
Finished building: default.size.stdout
 
Finished building: cv1.list
 
